TN:
SF:src\core\errors\AppError.ts
FN:6,(anonymous_0)
FN:14,(anonymous_1)
FN:18,(anonymous_2)
FN:22,(anonymous_3)
FN:26,(anonymous_4)
FN:30,(anonymous_5)
FN:34,(anonymous_6)
FN:38,(anonymous_7)
FN:42,(anonymous_8)
FNF:9
FNH:9
FNDA:34,(anonymous_0)
FNDA:5,(anonymous_1)
FNDA:6,(anonymous_2)
FNDA:8,(anonymous_3)
FNDA:3,(anonymous_4)
FNDA:3,(anonymous_5)
FNDA:1,(anonymous_6)
FNDA:1,(anonymous_7)
FNDA:3,(anonymous_8)
DA:1,3
DA:7,34
DA:8,34
DA:9,34
DA:10,34
DA:11,34
DA:15,5
DA:19,6
DA:23,8
DA:27,3
DA:31,3
DA:35,1
DA:39,1
DA:43,3
LF:14
LH:14
BRDA:6,0,0,3
BRDA:6,1,0,3
BRDA:14,2,0,4
BRDA:18,3,0,4
BRDA:18,4,0,6
BRDA:22,5,0,3
BRDA:22,6,0,8
BRDA:26,7,0,1
BRDA:26,8,0,3
BRDA:30,9,0,3
BRDA:34,10,0,1
BRDA:38,11,0,1
BRDA:42,12,0,3
BRF:13
BRH:13
end_of_record
TN:
SF:src\core\middleware\audit.ts
FN:41,auditMiddleware
FN:42,(anonymous_1)
FN:65,(anonymous_2)
FN:85,(anonymous_3)
FNF:4
FNH:0
FNDA:0,auditMiddleware
FNDA:0,(anonymous_1)
FNDA:0,(anonymous_2)
FNDA:0,(anonymous_3)
DA:19,0
DA:20,0
DA:23,0
DA:41,0
DA:42,0
DA:43,0
DA:45,0
DA:46,0
DA:50,0
DA:51,0
DA:53,0
DA:54,0
DA:56,0
DA:57,0
DA:58,0
DA:65,0
DA:66,0
DA:68,0
DA:70,0
DA:86,0
DA:90,0
LF:21
LH:0
BRDA:43,0,0,0
BRDA:43,0,1,0
BRDA:45,1,0,0
BRDA:51,2,0,0
BRDA:51,2,1,0
BRDA:53,3,0,0
BRDA:53,4,0,0
BRDA:53,4,1,0
BRDA:57,5,0,0
BRDA:66,6,0,0
BRDA:66,7,0,0
BRDA:66,7,1,0
BRDA:68,8,0,0
BRDA:68,8,1,0
BRDA:74,9,0,0
BRDA:74,9,1,0
BRDA:75,10,0,0
BRDA:75,10,1,0
BRDA:79,11,0,0
BRDA:79,11,1,0
BRDA:80,12,0,0
BRDA:80,12,1,0
BRDA:80,13,0,0
BRDA:80,13,1,0
BRDA:81,14,0,0
BRDA:81,14,1,0
BRDA:81,14,2,0
BRDA:81,14,3,0
BRDA:82,15,0,0
BRDA:82,15,1,0
BRF:30
BRH:0
end_of_record
TN:
SF:src\core\middleware\auth.ts
FN:30,authenticate
FNF:1
FNH:0
FNDA:0,authenticate
DA:15,0
DA:16,0
DA:17,0
DA:30,0
DA:35,0
DA:37,0
DA:38,0
DA:41,0
DA:43,0
DA:44,0
DA:48,0
DA:63,0
DA:64,0
DA:67,0
DA:68,0
DA:71,0
LF:16
LH:0
BRDA:37,0,0,0
BRDA:63,1,0,0
BRF:2
BRH:0
end_of_record
TN:
SF:src\core\middleware\errorHandler.ts
FN:35,errorHandler
FNF:1
FNH:1
FNDA:13,errorHandler
DA:16,1
DA:17,1
DA:18,1
DA:19,1
DA:35,1
DA:45,13
DA:46,1
DA:52,1
DA:59,12
DA:60,7
DA:65,7
DA:71,5
DA:73,3
DA:74,1
DA:79,1
DA:82,2
DA:83,1
DA:88,1
DA:91,1
DA:92,1
DA:97,1
DA:104,2
DA:111,2
LF:23
LH:23
BRDA:45,0,0,1
BRDA:59,1,0,7
BRDA:71,2,0,3
BRDA:73,3,0,1
BRDA:82,4,0,1
BRDA:91,5,0,1
BRDA:115,6,0,1
BRDA:115,6,1,1
BRF:8
BRH:8
end_of_record
TN:
SF:src\core\middleware\rateLimitByUser.ts
FN:26,rateLimitByUser
FN:30,(anonymous_1)
FNF:2
FNH:0
FNDA:0,rateLimitByUser
FNDA:0,(anonymous_1)
DA:15,0
DA:26,0
DA:27,0
DA:28,0
DA:30,0
DA:32,0
DA:34,0
DA:35,0
DA:37,0
DA:38,0
DA:41,0
DA:42,0
DA:44,0
DA:45,0
DA:46,0
DA:49,0
LF:16
LH:0
BRDA:27,0,0,0
BRDA:32,1,0,0
BRDA:37,2,0,0
BRDA:44,3,0,0
BRF:4
BRH:0
end_of_record
TN:
SF:src\core\middleware\rbac.ts
FN:33,authorize
FN:34,(anonymous_1)
FNF:2
FNH:2
FNDA:13,authorize
FNDA:13,(anonymous_1)
DA:14,1
DA:33,1
DA:34,13
DA:35,13
DA:36,2
DA:39,11
DA:40,5
DA:47,6
LF:8
LH:8
BRDA:35,0,0,2
BRDA:39,1,0,5
BRDA:39,2,0,11
BRDA:39,2,1,10
BRF:4
BRH:4
end_of_record
TN:
SF:src\core\middleware\requestLogger.ts
FN:13,(anonymous_1)
FN:27,(anonymous_2)
FNF:2
FNH:1
FNDA:2,(anonymous_1)
FNDA:0,(anonymous_2)
DA:1,1
DA:2,1
DA:3,1
DA:5,1
DA:14,2
DA:15,2
DA:23,1
DA:28,0
LF:8
LH:7
BRDA:6,0,0,0
BRDA:6,0,1,1
BRDA:9,1,0,0
BRDA:9,1,1,1
BRDA:14,2,0,2
BRDA:14,2,1,0
BRDA:24,3,0,0
BRDA:24,3,1,1
BRF:8
BRH:4
end_of_record
TN:
SF:src\lib\bcrypt.ts
FN:5,hashPassword
FN:9,comparePassword
FNF:2
FNH:2
FNDA:9,hashPassword
FNDA:7,comparePassword
DA:1,1
DA:3,1
DA:5,1
DA:6,9
DA:9,1
DA:13,7
LF:6
LH:6
BRF:0
BRH:0
end_of_record
TN:
SF:src\lib\csv.ts
FN:7,toCsv
FN:9,(anonymous_1)
FN:20,(anonymous_2)
FN:27,sendCsvResponse
FNF:4
FNH:4
FNDA:18,toCsv
FNDA:50,(anonymous_1)
FNDA:20,(anonymous_2)
FNDA:3,sendCsvResponse
DA:7,1
DA:8,18
DA:9,18
DA:10,50
DA:11,48
DA:12,48
DA:13,3
DA:15,45
DA:18,18
DA:20,20
DA:23,18
DA:27,1
DA:33,3
DA:34,3
DA:39,3
LF:15
LH:15
BRDA:10,0,0,2
BRDA:10,1,0,50
BRDA:10,1,1,49
BRDA:12,2,0,3
BRDA:12,3,0,48
BRDA:12,3,1,47
BRDA:12,3,2,46
BRF:7
BRH:7
end_of_record
TN:
SF:src\lib\document-math.ts
FN:47,computeLine
FN:76,computeTotals
FN:81,(anonymous_2)
FN:91,(anonymous_3)
FNF:4
FNH:4
FNDA:19,computeLine
FNDA:8,computeTotals
FNDA:11,(anonymous_2)
FNDA:11,(anonymous_3)
DA:47,1
DA:48,19
DA:50,19
DA:51,19
DA:52,6
DA:53,13
DA:55,5
DA:58,19
DA:59,19
DA:60,19
DA:62,19
DA:76,1
DA:81,11
DA:83,8
DA:84,8
DA:85,3
DA:86,5
DA:87,2
DA:90,8
DA:91,11
DA:92,8
DA:94,8
LF:22
LH:22
BRDA:51,0,0,6
BRDA:51,0,1,13
BRDA:53,1,0,5
BRDA:84,2,0,3
BRDA:84,2,1,5
BRDA:86,3,0,2
BRF:6
BRH:6
end_of_record
TN:
SF:src\lib\documentNumber.ts
FN:11,generateDocumentNumber
FN:31,getDefaultOfficeId
FNF:2
FNH:0
FNDA:0,generateDocumentNumber
FNDA:0,getDefaultOfficeId
DA:2,0
DA:11,0
DA:15,0
DA:22,0
DA:23,0
DA:24,0
DA:27,0
DA:31,0
DA:32,0
DA:37,0
DA:38,0
DA:41,0
LF:12
LH:0
BRDA:23,0,0,0
BRDA:37,1,0,0
BRF:2
BRH:0
end_of_record
TN:
SF:src\lib\jwt.ts
FN:48,signAccessToken
FN:63,signRefreshToken
FN:83,verifyAccessToken
FN:95,verifyRefreshToken
FN:111,getRefreshTokenExpiry
FNF:5
FNH:5
FNDA:5,signAccessToken
FNDA:3,signRefreshToken
FNDA:6,verifyAccessToken
FNDA:2,verifyRefreshToken
FNDA:2,getRefreshTokenExpiry
DA:11,1
DA:12,1
DA:48,1
DA:49,5
DA:63,1
DA:64,3
DA:83,1
DA:84,6
DA:95,1
DA:96,2
DA:111,1
DA:112,2
DA:113,2
DA:114,2
DA:116,2
DA:117,2
DA:118,2
DA:119,2
DA:121,2
LF:19
LH:19
BRDA:114,0,0,0
BRF:1
BRH:0
end_of_record
TN:
SF:src\lib\ollama.ts
FN:36,assertEnabled
FN:48,ollamaHealthCheck
FN:55,(anonymous_2)
FN:66,ollamaGenerate
FN:100,ollamaStream
FNF:5
FNH:0
FNDA:0,assertEnabled
FNDA:0,ollamaHealthCheck
FNDA:0,(anonymous_2)
FNDA:0,ollamaGenerate
FNDA:0,ollamaStream
DA:12,0
DA:13,0
DA:37,0
DA:38,0
DA:48,0
DA:49,0
DA:50,0
DA:53,0
DA:54,0
DA:55,0
DA:56,0
DA:58,0
DA:66,0
DA:67,0
DA:70,0
DA:71,0
DA:84,0
DA:85,0
DA:88,0
DA:89,0
DA:92,0
DA:93,0
DA:100,0
DA:104,0
DA:107,0
DA:108,0
DA:121,0
DA:122,0
DA:125,0
DA:126,0
DA:129,0
DA:130,0
DA:132,0
DA:133,0
DA:134,0
DA:135,0
DA:136,0
DA:137,0
DA:138,0
DA:139,0
DA:140,0
LF:41
LH:0
BRDA:37,0,0,0
BRDA:53,1,0,0
BRDA:84,2,0,0
BRDA:84,2,1,0
BRDA:88,3,0,0
BRDA:121,4,0,0
BRDA:121,4,1,0
BRDA:125,5,0,0
BRDA:125,6,0,0
BRDA:125,6,1,0
BRDA:134,7,0,0
BRDA:139,8,0,0
BRDA:140,9,0,0
BRF:13
BRH:0
end_of_record
TN:
SF:src\lib\sanitize.ts
FN:22,sanitizeHtml
FN:25,(anonymous_1)
FN:38,stripHtml
FN:46,safeTextOptional
FN:50,(anonymous_4)
FN:59,safeRichTextOptional
FN:63,(anonymous_6)
FNF:7
FNH:0
FNDA:0,sanitizeHtml
FNDA:0,(anonymous_1)
FNDA:0,stripHtml
FNDA:0,safeTextOptional
FNDA:0,(anonymous_4)
FNDA:0,safeRichTextOptional
FNDA:0,(anonymous_6)
DA:13,0
DA:16,0
DA:23,0
DA:26,0
DA:28,0
DA:30,0
DA:39,0
DA:46,0
DA:47,0
DA:50,0
DA:59,0
DA:60,0
DA:63,0
LF:13
LH:0
BRDA:26,0,0,0
BRDA:28,1,0,0
BRDA:28,1,1,0
BRDA:46,2,0,0
BRDA:50,3,0,0
BRDA:50,3,1,0
BRDA:59,4,0,0
BRDA:63,5,0,0
BRDA:63,5,1,0
BRF:9
BRH:0
end_of_record
TN:
SF:src\lib\totp.ts
FN:9,generateTotpSecret
FN:13,getTotpUri
FN:17,generateQrCode
FN:21,verifyTotpToken
FNF:4
FNH:3
FNDA:23,generateTotpSecret
FNDA:4,getTotpUri
FNDA:0,generateQrCode
FNDA:6,verifyTotpToken
DA:1,1
DA:2,1
DA:3,1
DA:5,1
DA:9,1
DA:10,23
DA:13,1
DA:14,4
DA:17,1
DA:18,0
DA:21,1
DA:22,6
DA:23,6
DA:25,0
LF:14
LH:12
BRF:0
BRH:0
end_of_record
TN:
SF:src\modules\ai\ai.controller.ts
FN:10,(anonymous_0)
FN:26,(anonymous_1)
FNF:2
FNH:0
FNDA:0,(anonymous_0)
FNDA:0,(anonymous_1)
DA:2,0
DA:3,0
DA:5,0
DA:11,0
DA:12,0
DA:13,0
DA:15,0
DA:27,0
DA:28,0
DA:29,0
DA:31,0
DA:33,0
DA:34,0
DA:35,0
DA:36,0
DA:37,0
DA:39,0
DA:40,0
DA:41,0
DA:43,0
DA:45,0
DA:46,0
DA:48,0
DA:52,0
DA:53,0
DA:56,0
DA:61,0
LF:27
LH:0
BRDA:31,0,0,0
BRDA:31,0,1,0
BRDA:45,1,0,0
BRDA:45,1,1,0
BRF:4
BRH:0
end_of_record
TN:
SF:src\modules\ai\ai.routes.ts
FNF:0
FNH:0
DA:1,0
DA:2,0
DA:3,0
DA:5,0
DA:7,0
DA:9,0
DA:10,0
DA:12,0
LF:8
LH:0
BRF:0
BRH:0
end_of_record
TN:
SF:src\modules\ai\ai.schema.ts
FNF:0
FNH:0
DA:1,0
DA:3,0
DA:8,0
LF:3
LH:0
BRF:0
BRH:0
end_of_record
TN:
SF:src\modules\ai\ai.service.ts
FN:17,buildSystemPrompt
FN:403,getStatus
FN:410,chat
FN:442,(anonymous_3)
FN:453,chatStream
FN:490,(anonymous_5)
FNF:6
FNH:0
FNDA:0,buildSystemPrompt
FNDA:0,getStatus
FNDA:0,chat
FNDA:0,(anonymous_3)
FNDA:0,chatStream
FNDA:0,(anonymous_5)
DA:11,0
DA:12,0
DA:18,0
DA:23,0
DA:25,0
DA:26,0
DA:27,0
DA:28,0
DA:29,0
DA:30,0
DA:31,0
DA:32,0
DA:33,0
DA:34,0
DA:35,0
DA:36,0
DA:37,0
DA:38,0
DA:39,0
DA:40,0
DA:41,0
DA:44,0
DA:46,0
DA:49,0
DA:376,0
DA:403,0
DA:404,0
DA:410,0
DA:411,0
DA:414,0
DA:416,0
DA:417,0
DA:418,0
DA:419,0
DA:420,0
DA:421,0
DA:422,0
DA:423,0
DA:429,0
DA:430,0
DA:431,0
DA:432,0
DA:433,0
DA:434,0
DA:440,0
DA:442,0
DA:445,0
DA:453,0
DA:459,0
DA:462,0
DA:464,0
DA:465,0
DA:466,0
DA:467,0
DA:468,0
DA:469,0
DA:470,0
DA:471,0
DA:477,0
DA:478,0
DA:479,0
DA:480,0
DA:481,0
DA:482,0
DA:488,0
DA:490,0
DA:493,0
LF:67
LH:0
BRDA:23,0,0,0
BRDA:23,0,1,0
BRDA:23,1,0,0
BRDA:23,1,1,0
BRDA:26,2,0,0
BRDA:26,3,0,0
BRDA:26,3,1,0
BRDA:28,4,0,0
BRDA:29,5,0,0
BRDA:32,6,0,0
BRDA:32,6,1,0
BRDA:36,7,0,0
BRDA:36,7,1,0
BRDA:40,8,0,0
BRDA:414,9,0,0
BRDA:414,9,1,0
BRDA:420,10,0,0
BRDA:422,11,0,0
BRDA:423,12,0,0
BRDA:423,12,1,0
BRDA:430,13,0,0
BRDA:433,14,0,0
BRDA:442,15,0,0
BRDA:442,15,1,0
BRDA:462,16,0,0
BRDA:462,16,1,0
BRDA:468,17,0,0
BRDA:470,18,0,0
BRDA:471,19,0,0
BRDA:471,19,1,0
BRDA:478,20,0,0
BRDA:481,21,0,0
BRDA:490,22,0,0
BRDA:490,22,1,0
BRF:34
BRH:0
end_of_record
TN:
SF:src\modules\ai\ai.tools.ts
FN:31,(anonymous_0)
FN:36,getInvoices
FN:56,(anonymous_2)
FN:73,getInvoiceDetail
FN:129,(anonymous_4)
FN:144,(anonymous_5)
FN:153,getProformas
FN:169,(anonymous_7)
FN:182,getProformaDetail
FN:219,(anonymous_9)
FN:235,getClients
FN:248,(anonymous_11)
FN:258,getPayments
FN:273,(anonymous_13)
FN:288,getDashboardKpis
FN:333,(anonymous_15)
FN:335,(anonymous_16)
FN:336,(anonymous_17)
FN:337,(anonymous_18)
FN:339,(anonymous_19)
FN:358,getClientSummary
FN:383,(anonymous_21)
FN:384,(anonymous_22)
FN:385,(anonymous_23)
FN:387,(anonymous_24)
FN:388,(anonymous_25)
FN:402,getProductCatalog
FN:413,(anonymous_27)
FN:425,detectAnomalies
FN:470,executeTool
FNF:30
FNH:0
FNDA:0,(anonymous_0)
FNDA:0,getInvoices
FNDA:0,(anonymous_2)
FNDA:0,getInvoiceDetail
FNDA:0,(anonymous_4)
FNDA:0,(anonymous_5)
FNDA:0,getProformas
FNDA:0,(anonymous_7)
FNDA:0,getProformaDetail
FNDA:0,(anonymous_9)
FNDA:0,getClients
FNDA:0,(anonymous_11)
FNDA:0,getPayments
FNDA:0,(anonymous_13)
FNDA:0,getDashboardKpis
FNDA:0,(anonymous_15)
FNDA:0,(anonymous_16)
FNDA:0,(anonymous_17)
FNDA:0,(anonymous_18)
FNDA:0,(anonymous_19)
FNDA:0,getClientSummary
FNDA:0,(anonymous_21)
FNDA:0,(anonymous_22)
FNDA:0,(anonymous_23)
FNDA:0,(anonymous_24)
FNDA:0,(anonymous_25)
FNDA:0,getProductCatalog
FNDA:0,(anonymous_27)
FNDA:0,detectAnomalies
FNDA:0,executeTool
DA:7,0
DA:31,0
DA:43,0
DA:44,0
DA:45,0
DA:46,0
DA:47,0
DA:49,0
DA:56,0
DA:74,0
DA:75,0
DA:76,0
DA:78,0
DA:108,0
DA:110,0
DA:111,0
DA:129,0
DA:144,0
DA:158,0
DA:159,0
DA:160,0
DA:162,0
DA:169,0
DA:183,0
DA:184,0
DA:185,0
DA:187,0
DA:204,0
DA:206,0
DA:207,0
DA:219,0
DA:236,0
DA:248,0
DA:259,0
DA:273,0
DA:274,0
DA:275,0
DA:289,0
DA:290,0
DA:291,0
DA:293,0
DA:326,0
DA:327,0
DA:328,0
DA:332,0
DA:333,0
DA:335,0
DA:336,0
DA:337,0
DA:339,0
DA:342,0
DA:359,0
DA:375,0
DA:377,0
DA:383,0
DA:384,0
DA:385,0
DA:387,0
DA:388,0
DA:403,0
DA:413,0
DA:426,0
DA:428,0
DA:432,0
DA:434,0
DA:435,0
DA:440,0
DA:441,0
DA:445,0
DA:446,0
DA:447,0
DA:452,0
DA:453,0
DA:456,0
DA:461,0
DA:462,0
DA:465,0
DA:470,0
DA:471,0
DA:472,0
DA:473,0
DA:474,0
DA:475,0
DA:476,0
DA:477,0
DA:478,0
DA:479,0
DA:480,0
DA:481,0
DA:482,0
DA:483,0
LF:91
LH:0
BRDA:31,0,0,0
BRDA:31,0,1,0
BRDA:44,1,0,0
BRDA:45,2,0,0
BRDA:46,3,0,0
BRDA:47,4,0,0
BRDA:53,5,0,0
BRDA:53,5,1,0
BRDA:75,6,0,0
BRDA:76,7,0,0
BRDA:108,8,0,0
BRDA:159,9,0,0
BRDA:160,10,0,0
BRDA:166,11,0,0
BRDA:166,11,1,0
BRDA:184,12,0,0
BRDA:185,13,0,0
BRDA:204,14,0,0
BRDA:239,15,0,0
BRDA:239,15,1,0
BRDA:242,16,0,0
BRDA:242,16,1,0
BRDA:262,17,0,0
BRDA:262,17,1,0
BRDA:270,18,0,0
BRDA:270,18,1,0
BRDA:328,19,0,0
BRDA:328,19,1,0
BRDA:375,20,0,0
BRDA:406,21,0,0
BRDA:406,21,1,0
BRDA:410,22,0,0
BRDA:410,22,1,0
BRDA:415,23,0,0
BRDA:415,23,1,0
BRDA:434,24,0,0
BRDA:465,25,0,0
BRDA:465,25,1,0
BRDA:471,26,0,0
BRDA:471,26,1,0
BRDA:471,26,2,0
BRDA:471,26,3,0
BRDA:471,26,4,0
BRDA:471,26,5,0
BRDA:471,26,6,0
BRDA:471,26,7,0
BRDA:471,26,8,0
BRDA:471,26,9,0
BRDA:471,26,10,0
BRDA:471,26,11,0
BRF:50
BRH:0
end_of_record
TN:
SF:src\modules\audit\audit.routes.ts
FN:33,(anonymous_0)
FN:70,(anonymous_1)
FN:75,(anonymous_2)
FN:80,(anonymous_3)
FN:81,(anonymous_4)
FN:82,(anonymous_5)
FN:83,(anonymous_6)
FN:91,(anonymous_7)
FN:112,(anonymous_8)
FNF:9
FNH:0
FNDA:0,(anonymous_0)
FNDA:0,(anonymous_1)
FNDA:0,(anonymous_2)
FNDA:0,(anonymous_3)
FNDA:0,(anonymous_4)
FNDA:0,(anonymous_5)
FNDA:0,(anonymous_6)
FNDA:0,(anonymous_7)
FNDA:0,(anonymous_8)
DA:10,0
DA:11,0
DA:12,0
DA:13,0
DA:14,0
DA:15,0
DA:16,0
DA:18,0
DA:20,0
DA:22,0
DA:33,0
DA:34,0
DA:35,0
DA:70,0
DA:71,0
DA:75,0
DA:77,0
DA:80,0
DA:81,0
DA:82,0
DA:83,0
DA:87,0
DA:91,0
DA:92,0
DA:93,0
DA:95,0
DA:104,0
DA:105,0
DA:110,0
DA:112,0
DA:121,0
DA:122,0
DA:133,0
DA:135,0
LF:34
LH:0
BRDA:96,0,0,0
BRDA:96,0,1,0
BRDA:97,1,0,0
BRDA:97,1,1,0
BRDA:98,2,0,0
BRDA:98,2,1,0
BRDA:99,3,0,0
BRDA:99,3,1,0
BRDA:100,4,0,0
BRDA:100,4,1,0
BRDA:104,5,0,0
BRDA:114,6,0,0
BRDA:114,6,1,0
BRDA:115,7,0,0
BRDA:115,7,1,0
BRDA:116,8,0,0
BRDA:116,8,1,0
BRDA:116,9,0,0
BRDA:116,9,1,0
BRDA:116,10,0,0
BRDA:116,10,1,0
BRF:21
BRH:0
end_of_record
TN:
SF:src\modules\auth\auth.controller.ts
FN:15,(anonymous_1)
FN:27,(anonymous_2)
FN:39,(anonymous_3)
FN:49,(anonymous_4)
FN:58,(anonymous_5)
FN:75,(anonymous_6)
FN:91,(anonymous_7)
FN:101,(anonymous_8)
FN:111,(anonymous_9)
FN:121,(anonymous_10)
FN:135,(anonymous_11)
FN:144,(anonymous_12)
FNF:12
FNH:0
FNDA:0,(anonymous_1)
FNDA:0,(anonymous_2)
FNDA:0,(anonymous_3)
FNDA:0,(anonymous_4)
FNDA:0,(anonymous_5)
FNDA:0,(anonymous_6)
FNDA:0,(anonymous_7)
FNDA:0,(anonymous_8)
FNDA:0,(anonymous_9)
FNDA:0,(anonymous_10)
FNDA:0,(anonymous_11)
FNDA:0,(anonymous_12)
DA:1,0
DA:3,0
DA:4,0
DA:5,0
DA:14,0
DA:16,0
DA:17,0
DA:18,0
DA:19,0
DA:20,0
DA:21,0
DA:23,0
DA:28,0
DA:29,0
DA:30,0
DA:31,0
DA:32,0
DA:33,0
DA:35,0
DA:40,0
DA:41,0
DA:42,0
DA:43,0
DA:45,0
DA:50,0
DA:51,0
DA:52,0
DA:54,0
DA:59,0
DA:60,0
DA:61,0
DA:62,0
DA:71,0
DA:76,0
DA:77,0
DA:78,0
DA:79,0
DA:87,0
DA:92,0
DA:93,0
DA:94,0
DA:95,0
DA:97,0
DA:102,0
DA:103,0
DA:104,0
DA:105,0
DA:107,0
DA:112,0
DA:113,0
DA:114,0
DA:115,0
DA:117,0
DA:122,0
DA:124,0
DA:125,0
DA:128,0
DA:129,0
DA:131,0
DA:136,0
DA:137,0
DA:138,0
DA:140,0
DA:145,0
DA:146,0
DA:147,0
DA:148,0
DA:149,0
DA:151,0
DA:156,0
LF:70
LH:0
BRDA:18,0,0,0
BRDA:18,0,1,0
BRDA:19,1,0,0
BRDA:19,1,1,0
BRDA:30,2,0,0
BRDA:30,2,1,0
BRDA:31,3,0,0
BRDA:31,3,1,0
BRDA:104,4,0,0
BRDA:104,4,1,0
BRDA:125,5,0,0
BRDA:125,5,1,0
BRDA:125,6,0,0
BRDA:125,6,1,0
BRF:14
BRH:0
end_of_record
TN:
SF:src\modules\auth\auth.routes.ts
FNF:0
FNH:0
DA:1,0
DA:2,0
DA:3,0
DA:5,0
DA:8,0
DA:9,0
DA:10,0
DA:11,0
DA:12,0
DA:15,0
DA:16,0
DA:17,0
DA:18,0
DA:21,0
DA:22,0
DA:23,0
DA:25,0
LF:17
LH:0
BRF:0
BRH:0
end_of_record
TN:
SF:src\modules\auth\auth.schema.ts
FNF:0
FNH:0
DA:1,0
DA:3,0
DA:9,0
DA:13,0
DA:17,0
DA:26,0
DA:31,0
LF:7
LH:0
BRF:0
BRH:0
end_of_record
TN:
SF:src\modules\auth\auth.service.ts
FN:48,(anonymous_1)
FN:52,(anonymous_2)
FN:174,(anonymous_3)
FN:234,(anonymous_4)
FN:253,(anonymous_5)
FN:281,(anonymous_6)
FN:310,(anonymous_7)
FN:340,(anonymous_8)
FN:373,(anonymous_9)
FN:426,(anonymous_10)
FN:470,(anonymous_11)
FN:480,(anonymous_12)
FN:492,(anonymous_13)
FN:505,(anonymous_14)
FN:530,(anonymous_15)
FN:562,(anonymous_16)
FN:563,(anonymous_17)
FN:566,(anonymous_18)
FNF:18
FNH:0
FNDA:0,(anonymous_1)
FNDA:0,(anonymous_2)
FNDA:0,(anonymous_3)
FNDA:0,(anonymous_4)
FNDA:0,(anonymous_5)
FNDA:0,(anonymous_6)
FNDA:0,(anonymous_7)
FNDA:0,(anonymous_8)
FNDA:0,(anonymous_9)
FNDA:0,(anonymous_10)
FNDA:0,(anonymous_11)
FNDA:0,(anonymous_12)
FNDA:0,(anonymous_13)
FNDA:0,(anonymous_14)
FNDA:0,(anonymous_15)
FNDA:0,(anonymous_16)
FNDA:0,(anonymous_17)
FNDA:0,(anonymous_18)
DA:20,0
DA:21,0
DA:22,0
DA:23,0
DA:24,0
DA:25,0
DA:26,0
DA:27,0
DA:30,0
DA:49,0
DA:52,0
DA:53,0
DA:65,0
DA:66,0
DA:68,0
DA:71,0
DA:72,0
DA:73,0
DA:76,0
DA:77,0
DA:78,0
DA:81,0
DA:82,0
DA:83,0
DA:84,0
DA:85,0
DA:86,0
DA:88,0
DA:98,0
DA:99,0
DA:103,0
DA:104,0
DA:106,0
DA:109,0
DA:111,0
DA:113,0
DA:114,0
DA:116,0
DA:117,0
DA:118,0
DA:122,0
DA:123,0
DA:124,0
DA:132,0
DA:144,0
DA:146,0
DA:148,0
DA:176,0
DA:177,0
DA:179,0
DA:182,0
DA:183,0
DA:185,0
DA:186,0
DA:190,0
DA:193,0
DA:194,0
DA:195,0
DA:196,0
DA:198,0
DA:202,0
DA:207,0
DA:212,0
DA:216,0
DA:217,0
DA:220,0
DA:222,0
DA:235,0
DA:236,0
DA:254,0
DA:255,0
DA:256,0
DA:257,0
DA:260,0
DA:265,0
DA:282,0
DA:283,0
DA:286,0
DA:288,0
DA:298,0
DA:311,0
DA:313,0
DA:314,0
DA:317,0
DA:341,0
DA:343,0
DA:344,0
DA:347,0
DA:348,0
DA:351,0
DA:353,0
DA:358,0
DA:374,0
DA:377,0
DA:380,0
DA:385,0
DA:386,0
DA:387,0
DA:389,0
DA:399,0
DA:401,0
DA:427,0
DA:429,0
DA:438,0
DA:439,0
DA:442,0
DA:445,0
DA:471,0
DA:480,0
DA:493,0
DA:496,0
DA:498,0
DA:506,0
DA:531,0
DA:536,0
DA:537,0
DA:538,0
DA:540,0
DA:552,0
DA:563,0
DA:564,0
DA:566,0
DA:567,0
DA:569,0
DA:573,0
LF:125
LH:0
BRDA:55,0,0,0
BRDA:55,0,1,0
BRDA:57,1,0,0
BRDA:57,1,1,0
BRDA:58,2,0,0
BRDA:58,2,1,0
BRDA:60,3,0,0
BRDA:60,3,1,0
BRDA:65,4,0,0
BRDA:65,5,0,0
BRDA:65,5,1,0
BRDA:71,6,0,0
BRDA:76,7,0,0
BRDA:82,8,0,0
BRDA:85,9,0,0
BRDA:85,9,1,0
BRDA:93,10,0,0
BRDA:93,10,1,0
BRDA:94,11,0,0
BRDA:94,11,1,0
BRDA:103,12,0,0
BRDA:104,13,0,0
BRDA:109,14,0,0
BRDA:109,14,1,0
BRDA:111,15,0,0
BRDA:116,16,0,0
BRDA:185,17,0,0
BRDA:185,18,0,0
BRDA:185,18,1,0
BRDA:185,18,2,0
BRDA:193,19,0,0
BRDA:193,19,1,0
BRDA:194,20,0,0
BRDA:196,21,0,0
BRDA:216,22,0,0
BRDA:282,23,0,0
BRDA:313,24,0,0
BRDA:313,25,0,0
BRDA:313,25,1,0
BRDA:343,26,0,0
BRDA:343,27,0,0
BRDA:343,27,1,0
BRDA:347,28,0,0
BRDA:377,29,0,0
BRDA:377,30,0,0
BRDA:377,30,1,0
BRDA:394,31,0,0
BRDA:394,31,1,0
BRDA:438,32,0,0
BRDA:482,33,0,0
BRDA:482,33,1,0
BRDA:487,34,0,0
BRDA:487,34,1,0
BRDA:496,35,0,0
BRDA:545,36,0,0
BRDA:545,36,1,0
BRDA:546,37,0,0
BRDA:546,37,1,0
BRDA:547,38,0,0
BRDA:547,38,1,0
BRF:60
BRH:0
end_of_record
TN:
SF:src\modules\backups\backups.controller.ts
FN:8,(anonymous_1)
FN:20,(anonymous_2)
FN:32,(anonymous_3)
FN:40,(anonymous_4)
FN:64,(anonymous_5)
FNF:5
FNH:0
FNDA:0,(anonymous_1)
FNDA:0,(anonymous_2)
FNDA:0,(anonymous_3)
FNDA:0,(anonymous_4)
FNDA:0,(anonymous_5)
DA:2,0
DA:3,0
DA:5,0
DA:9,0
DA:10,0
DA:11,0
DA:16,0
DA:21,0
DA:22,0
DA:27,0
DA:28,0
DA:33,0
DA:34,0
DA:35,0
DA:36,0
DA:41,0
DA:42,0
DA:44,0
DA:46,0
DA:47,0
DA:50,0
DA:51,0
DA:52,0
DA:53,0
DA:54,0
DA:55,0
DA:56,0
DA:59,0
DA:60,0
DA:65,0
DA:66,0
DA:67,0
DA:68,0
DA:72,0
LF:34
LH:0
BRDA:23,0,0,0
BRDA:23,0,1,0
BRDA:24,1,0,0
BRDA:24,1,1,0
BRDA:44,2,0,0
BRDA:50,3,0,0
BRDA:50,4,0,0
BRDA:50,4,1,0
BRF:8
BRH:0
end_of_record
TN:
SF:src\modules\backups\backups.routes.ts
FNF:0
FNH:0
DA:1,0
DA:2,0
DA:3,0
DA:4,0
DA:5,0
DA:7,0
DA:9,0
DA:12,0
DA:18,0
DA:19,0
DA:20,0
DA:21,0
DA:22,0
DA:24,0
LF:14
LH:0
BRF:0
BRH:0
end_of_record
TN:
SF:src\modules\backups\backups.service.ts
FN:32,parseDatabaseUrl
FN:50,(anonymous_2)
FN:73,(anonymous_3)
FN:91,(anonymous_4)
FN:96,(anonymous_5)
FN:110,(anonymous_6)
FN:124,(anonymous_7)
FN:131,(anonymous_8)
FN:139,(anonymous_9)
FN:200,(anonymous_10)
FN:201,(anonymous_11)
FN:204,(anonymous_12)
FN:205,(anonymous_13)
FN:212,(anonymous_14)
FN:216,(anonymous_15)
FN:257,(anonymous_16)
FN:263,(anonymous_17)
FN:271,(anonymous_18)
FN:282,(anonymous_19)
FN:284,(anonymous_20)
FN:290,(anonymous_21)
FNF:21
FNH:0
FNDA:0,parseDatabaseUrl
FNDA:0,(anonymous_2)
FNDA:0,(anonymous_3)
FNDA:0,(anonymous_4)
FNDA:0,(anonymous_5)
FNDA:0,(anonymous_6)
FNDA:0,(anonymous_7)
FNDA:0,(anonymous_8)
FNDA:0,(anonymous_9)
FNDA:0,(anonymous_10)
FNDA:0,(anonymous_11)
FNDA:0,(anonymous_12)
FNDA:0,(anonymous_13)
FNDA:0,(anonymous_14)
FNDA:0,(anonymous_15)
FNDA:0,(anonymous_16)
FNDA:0,(anonymous_17)
FNDA:0,(anonymous_18)
FNDA:0,(anonymous_19)
FNDA:0,(anonymous_20)
FNDA:0,(anonymous_21)
DA:8,0
DA:9,0
DA:10,0
DA:11,0
DA:13,0
DA:14,0
DA:15,0
DA:16,0
DA:18,0
DA:19,0
DA:20,0
DA:21,0
DA:22,0
DA:33,0
DA:34,0
DA:47,0
DA:51,0
DA:53,0
DA:64,0
DA:69,0
DA:74,0
DA:75,0
DA:76,0
DA:78,0
DA:80,0
DA:91,0
DA:92,0
DA:97,0
DA:101,0
DA:102,0
DA:111,0
DA:112,0
DA:113,0
DA:115,0
DA:116,0
DA:117,0
DA:118,0
DA:120,0
DA:125,0
DA:126,0
DA:127,0
DA:129,0
DA:130,0
DA:131,0
DA:134,0
DA:140,0
DA:144,0
DA:145,0
DA:146,0
DA:147,0
DA:150,0
DA:151,0
DA:152,0
DA:155,0
DA:158,0
DA:159,0
DA:162,0
DA:163,0
DA:165,0
DA:178,0
DA:179,0
DA:182,0
DA:191,0
DA:195,0
DA:201,0
DA:202,0
DA:203,0
DA:204,0
DA:205,0
DA:206,0
DA:216,0
DA:217,0
DA:229,0
DA:230,0
DA:242,0
DA:244,0
DA:249,0
DA:250,0
DA:252,0
DA:253,0
DA:257,0
DA:261,0
DA:263,0
DA:264,0
DA:272,0
DA:273,0
DA:275,0
DA:279,0
DA:280,0
DA:281,0
DA:282,0
DA:284,0
DA:291,0
DA:292,0
DA:293,0
DA:294,0
DA:296,0
DA:313,0
LF:98
LH:0
BRDA:36,0,0,0
BRDA:36,0,1,0
BRDA:74,1,0,0
BRDA:74,1,1,0
BRDA:75,2,0,0
BRDA:75,2,1,0
BRDA:78,3,0,0
BRDA:78,3,1,0
BRDA:101,4,0,0
BRDA:112,5,0,0
BRDA:113,6,0,0
BRDA:116,7,0,0
BRDA:116,7,1,0
BRDA:126,8,0,0
BRDA:127,9,0,0
BRDA:129,10,0,0
BRDA:151,11,0,0
BRDA:178,12,0,0
BRDA:178,13,0,0
BRDA:178,13,1,0
BRDA:186,14,0,0
BRDA:186,14,1,0
BRDA:229,15,0,0
BRDA:229,15,1,0
BRDA:252,16,0,0
BRDA:257,17,0,0
BRDA:264,18,0,0
BRDA:280,19,0,0
BRDA:291,20,0,0
BRDA:291,20,1,0
BRDA:292,21,0,0
BRDA:292,21,1,0
BRDA:294,22,0,0
BRDA:294,22,1,0
BRDA:302,23,0,0
BRDA:302,23,1,0
BRDA:308,24,0,0
BRDA:308,24,1,0
BRF:38
BRH:0
end_of_record
TN:
SF:src\modules\backups\storage.ts
FN:42,(anonymous_10)
FN:47,(anonymous_11)
FN:57,(anonymous_12)
FN:61,(anonymous_13)
FN:65,(anonymous_14)
FN:80,(anonymous_15)
FN:87,(anonymous_16)
FN:89,(anonymous_17)
FN:101,(anonymous_18)
FN:102,(anonymous_19)
FN:120,(anonymous_20)
FN:121,(anonymous_21)
FN:122,(anonymous_22)
FN:132,(anonymous_23)
FN:136,(anonymous_24)
FN:137,(anonymous_25)
FN:150,(anonymous_26)
FN:157,(anonymous_27)
FN:158,(anonymous_28)
FN:162,(anonymous_29)
FN:170,(anonymous_30)
FN:179,(anonymous_31)
FN:183,(anonymous_32)
FN:196,(anonymous_33)
FN:203,(anonymous_34)
FN:204,(anonymous_35)
FN:209,(anonymous_36)
FN:222,(anonymous_37)
FN:223,(anonymous_38)
FN:236,(anonymous_39)
FN:240,(anonymous_40)
FN:250,getStorageAdapter
FNF:32
FNH:0
FNDA:0,(anonymous_10)
FNDA:0,(anonymous_11)
FNDA:0,(anonymous_12)
FNDA:0,(anonymous_13)
FNDA:0,(anonymous_14)
FNDA:0,(anonymous_15)
FNDA:0,(anonymous_16)
FNDA:0,(anonymous_17)
FNDA:0,(anonymous_18)
FNDA:0,(anonymous_19)
FNDA:0,(anonymous_20)
FNDA:0,(anonymous_21)
FNDA:0,(anonymous_22)
FNDA:0,(anonymous_23)
FNDA:0,(anonymous_24)
FNDA:0,(anonymous_25)
FNDA:0,(anonymous_26)
FNDA:0,(anonymous_27)
FNDA:0,(anonymous_28)
FNDA:0,(anonymous_29)
FNDA:0,(anonymous_30)
FNDA:0,(anonymous_31)
FNDA:0,(anonymous_32)
FNDA:0,(anonymous_33)
FNDA:0,(anonymous_34)
FNDA:0,(anonymous_35)
FNDA:0,(anonymous_36)
FNDA:0,(anonymous_37)
FNDA:0,(anonymous_38)
FNDA:0,(anonymous_39)
FNDA:0,(anonymous_40)
FNDA:0,getStorageAdapter
DA:11,0
DA:12,0
DA:13,0
DA:14,0
DA:15,0
DA:39,0
DA:43,0
DA:44,0
DA:48,0
DA:49,0
DA:51,0
DA:52,0
DA:54,0
DA:58,0
DA:62,0
DA:66,0
DA:67,0
DA:76,0
DA:81,0
DA:82,0
DA:84,0
DA:88,0
DA:89,0
DA:90,0
DA:98,0
DA:102,0
DA:103,0
DA:104,0
DA:105,0
DA:106,0
DA:108,0
DA:116,0
DA:117,0
DA:121,0
DA:122,0
DA:123,0
DA:125,0
DA:133,0
DA:137,0
DA:138,0
DA:139,0
DA:147,0
DA:151,0
DA:152,0
DA:154,0
DA:158,0
DA:159,0
DA:163,0
DA:164,0
DA:165,0
DA:166,0
DA:167,0
DA:171,0
DA:172,0
DA:176,0
DA:180,0
DA:184,0
DA:185,0
DA:193,0
DA:197,0
DA:198,0
DA:200,0
DA:204,0
DA:205,0
DA:206,0
DA:210,0
DA:211,0
DA:212,0
DA:214,0
DA:218,0
DA:219,0
DA:223,0
DA:224,0
DA:225,0
DA:228,0
DA:233,0
DA:237,0
DA:241,0
DA:242,0
DA:250,0
DA:251,0
DA:252,0
DA:253,0
DA:254,0
DA:255,0
LF:85
LH:0
BRDA:44,0,0,0
BRDA:49,1,0,0
BRDA:66,2,0,0
BRDA:81,3,0,0
BRDA:81,4,0,0
BRDA:81,4,1,0
BRDA:81,4,2,0
BRDA:81,4,3,0
BRDA:88,5,0,0
BRDA:96,6,0,0
BRDA:96,6,1,0
BRDA:151,7,0,0
BRDA:151,8,0,0
BRDA:151,8,1,0
BRDA:197,9,0,0
BRDA:197,10,0,0
BRDA:197,10,1,0
BRDA:251,11,0,0
BRDA:251,11,1,0
BRDA:251,11,2,0
BRDA:251,11,3,0
BRF:21
BRH:0
end_of_record
TN:
SF:src\modules\clients\clients.controller.ts
FN:7,(anonymous_0)
FN:15,(anonymous_1)
FN:35,(anonymous_2)
FN:44,(anonymous_3)
FN:54,(anonymous_4)
FN:64,(anonymous_5)
FN:73,(anonymous_6)
FN:82,(anonymous_7)
FNF:8
FNH:0
FNDA:0,(anonymous_0)
FNDA:0,(anonymous_1)
FNDA:0,(anonymous_2)
FNDA:0,(anonymous_3)
FNDA:0,(anonymous_4)
FNDA:0,(anonymous_5)
FNDA:0,(anonymous_6)
FNDA:0,(anonymous_7)
DA:2,0
DA:3,0
DA:4,0
DA:6,0
DA:8,0
DA:9,0
DA:11,0
DA:12,0
DA:13,0
DA:15,0
DA:28,0
DA:29,0
DA:31,0
DA:36,0
DA:37,0
DA:38,0
DA:40,0
DA:45,0
DA:46,0
DA:47,0
DA:48,0
DA:50,0
DA:55,0
DA:56,0
DA:57,0
DA:58,0
DA:60,0
DA:65,0
DA:66,0
DA:67,0
DA:69,0
DA:74,0
DA:75,0
DA:76,0
DA:78,0
DA:83,0
DA:84,0
DA:85,0
DA:87,0
DA:92,0
LF:40
LH:0
BRDA:11,0,0,0
BRDA:17,1,0,0
BRDA:17,1,1,0
BRDA:18,2,0,0
BRDA:18,2,1,0
BRDA:19,3,0,0
BRDA:19,3,1,0
BRDA:20,4,0,0
BRDA:20,4,1,0
BRDA:21,5,0,0
BRDA:21,5,1,0
BRDA:22,6,0,0
BRDA:22,6,1,0
BRF:13
BRH:0
end_of_record
TN:
SF:src\modules\clients\clients.routes.ts
FNF:0
FNH:0
DA:1,0
DA:2,0
DA:3,0
DA:4,0
DA:6,0
DA:8,0
DA:10,0
DA:11,0
DA:12,0
DA:13,0
DA:14,0
DA:15,0
DA:16,0
DA:18,0
LF:14
LH:0
BRF:0
BRH:0
end_of_record
TN:
SF:src\modules\clients\clients.schema.ts
FNF:0
FNH:0
DA:1,0
DA:3,0
DA:23,0
DA:25,0
LF:4
LH:0
BRF:0
BRH:0
end_of_record
TN:
SF:src\modules\clients\clients.service.ts
FN:7,(anonymous_0)
FN:39,(anonymous_1)
FN:45,(anonymous_2)
FN:51,(anonymous_3)
FN:56,(anonymous_4)
FN:74,(anonymous_5)
FN:156,(anonymous_6)
FN:183,(anonymous_7)
FNF:8
FNH:0
FNDA:0,(anonymous_0)
FNDA:0,(anonymous_1)
FNDA:0,(anonymous_2)
FNDA:0,(anonymous_3)
FNDA:0,(anonymous_4)
FNDA:0,(anonymous_5)
FNDA:0,(anonymous_6)
FNDA:0,(anonymous_7)
DA:2,0
DA:3,0
DA:6,0
DA:8,0
DA:9,0
DA:11,0
DA:26,0
DA:36,0
DA:40,0
DA:41,0
DA:42,0
DA:46,0
DA:52,0
DA:53,0
DA:57,0
DA:58,0
DA:75,0
DA:77,0
DA:80,0
DA:90,0
DA:142,0
DA:143,0
DA:144,0
DA:145,0
DA:149,0
DA:150,0
DA:152,0
DA:156,0
DA:184,0
DA:186,0
DA:216,0
DA:217,0
DA:219,0
DA:229,0
LF:34
LH:0
BRDA:13,0,0,0
BRDA:13,0,1,0
BRDA:14,1,0,0
BRDA:14,1,1,0
BRDA:15,2,0,0
BRDA:15,2,1,0
BRDA:16,3,0,0
BRDA:16,3,1,0
BRDA:41,4,0,0
BRDA:47,5,0,0
BRDA:47,5,1,0
BRDA:80,6,0,0
BRDA:80,6,1,0
BRDA:143,7,0,0
BRDA:143,7,1,0
BRDA:144,8,0,0
BRDA:144,8,1,0
BRDA:145,9,0,0
BRDA:145,9,1,0
BRDA:146,10,0,0
BRDA:146,10,1,0
BRDA:159,11,0,0
BRDA:159,11,1,0
BRDA:165,12,0,0
BRDA:165,12,1,0
BRDA:167,13,0,0
BRDA:167,13,1,0
BRDA:170,14,0,0
BRDA:170,14,1,0
BRDA:172,15,0,0
BRDA:172,15,1,0
BRDA:177,16,0,0
BRDA:177,16,1,0
BRDA:216,17,0,0
BRDA:216,17,1,0
BRDA:217,18,0,0
BRDA:217,18,1,0
BRF:37
BRH:0
end_of_record
TN:
SF:src\modules\dashboard\dashboard.routes.ts
FN:9,(anonymous_0)
FN:18,(anonymous_1)
FNF:2
FNH:0
FNDA:0,(anonymous_0)
FNDA:0,(anonymous_1)
DA:1,0
DA:2,0
DA:3,0
DA:5,0
DA:7,0
DA:9,0
DA:10,0
DA:11,0
DA:12,0
DA:14,0
DA:18,0
DA:19,0
DA:20,0
DA:21,0
DA:23,0
DA:27,0
LF:16
LH:0
BRF:0
BRH:0
end_of_record
TN:
SF:src\modules\dashboard\dashboard.service.ts
FN:9,(anonymous_0)
FN:19,(anonymous_1)
FN:24,(anonymous_2)
FN:146,(anonymous_3)
FN:151,(anonymous_4)
FN:181,(anonymous_5)
FN:186,(anonymous_6)
FN:193,(anonymous_7)
FN:225,(anonymous_8)
FNF:9
FNH:0
FNDA:0,(anonymous_0)
FNDA:0,(anonymous_1)
FNDA:0,(anonymous_2)
FNDA:0,(anonymous_3)
FNDA:0,(anonymous_4)
FNDA:0,(anonymous_5)
FNDA:0,(anonymous_6)
FNDA:0,(anonymous_7)
FNDA:0,(anonymous_8)
DA:1,0
DA:2,0
DA:3,0
DA:5,0
DA:6,0
DA:8,0
DA:10,0
DA:11,0
DA:13,0
DA:14,0
DA:15,0
DA:20,0
DA:21,0
DA:25,0
DA:26,0
DA:27,0
DA:41,0
DA:146,0
DA:147,0
DA:151,0
DA:153,0
DA:181,0
DA:186,0
DA:194,0
DA:195,0
DA:197,0
DA:205,0
DA:213,0
DA:214,0
DA:215,0
DA:217,0
DA:218,0
DA:219,0
DA:220,0
DA:221,0
DA:224,0
DA:225,0
DA:229,0
DA:233,0
LF:39
LH:0
BRDA:11,0,0,0
BRDA:155,1,0,0
BRDA:155,1,1,0
BRDA:157,2,0,0
BRDA:157,2,1,0
BRDA:161,3,0,0
BRDA:161,3,1,0
BRDA:165,4,0,0
BRDA:165,4,1,0
BRDA:168,5,0,0
BRDA:168,5,1,0
BRDA:183,6,0,0
BRDA:183,6,1,0
BRDA:184,7,0,0
BRDA:184,7,1,0
BRDA:217,8,0,0
BRDA:217,8,1,0
BRDA:218,9,0,0
BRDA:218,9,1,0
BRDA:219,10,0,0
BRDA:219,10,1,0
BRDA:220,11,0,0
BRDA:220,11,1,0
BRF:23
BRH:0
end_of_record
TN:
SF:src\modules\email-templates\email-templates.routes.ts
FN:20,(anonymous_0)
FN:28,(anonymous_1)
FN:42,(anonymous_2)
FN:56,(anonymous_3)
FNF:4
FNH:0
FNDA:0,(anonymous_0)
FNDA:0,(anonymous_1)
FNDA:0,(anonymous_2)
FNDA:0,(anonymous_3)
DA:1,0
DA:2,0
DA:3,0
DA:4,0
DA:5,0
DA:6,0
DA:8,0
DA:10,0
DA:12,0
DA:20,0
DA:21,0
DA:22,0
DA:23,0
DA:24,0
DA:28,0
DA:29,0
DA:30,0
DA:33,0
DA:34,0
DA:35,0
DA:42,0
DA:43,0
DA:44,0
DA:45,0
DA:46,0
DA:48,0
DA:49,0
DA:50,0
DA:56,0
DA:57,0
DA:58,0
DA:59,0
DA:61,0
DA:62,0
DA:63,0
DA:64,0
DA:67,0
DA:68,0
LF:38
LH:0
BRDA:33,0,0,0
BRDA:46,1,0,0
BRDA:59,2,0,0
BRDA:61,3,0,0
BRDA:61,3,1,0
BRF:5
BRH:0
end_of_record
TN:
SF:src\modules\invoices\invoices.controller.ts
FN:14,(anonymous_0)
FN:23,(anonymous_1)
FN:45,(anonymous_2)
FN:54,(anonymous_3)
FN:64,(anonymous_4)
FN:74,(anonymous_5)
FN:83,(anonymous_6)
FN:93,(anonymous_7)
FN:103,(anonymous_8)
FN:112,(anonymous_9)
FN:121,(anonymous_10)
FN:129,(anonymous_11)
FN:136,(anonymous_12)
FNF:13
FNH:0
FNDA:0,(anonymous_0)
FNDA:0,(anonymous_1)
FNDA:0,(anonymous_2)
FNDA:0,(anonymous_3)
FNDA:0,(anonymous_4)
FNDA:0,(anonymous_5)
FNDA:0,(anonymous_6)
FNDA:0,(anonymous_7)
FNDA:0,(anonymous_8)
FNDA:0,(anonymous_9)
FNDA:0,(anonymous_10)
FNDA:0,(anonymous_11)
FNDA:0,(anonymous_12)
DA:2,0
DA:3,0
DA:4,0
DA:13,0
DA:15,0
DA:16,0
DA:19,0
DA:20,0
DA:21,0
DA:23,0
DA:37,0
DA:38,0
DA:39,0
DA:41,0
DA:46,0
DA:47,0
DA:48,0
DA:50,0
DA:55,0
DA:56,0
DA:57,0
DA:58,0
DA:60,0
DA:65,0
DA:66,0
DA:67,0
DA:68,0
DA:70,0
DA:75,0
DA:76,0
DA:77,0
DA:79,0
DA:84,0
DA:85,0
DA:86,0
DA:87,0
DA:89,0
DA:94,0
DA:95,0
DA:96,0
DA:97,0
DA:99,0
DA:104,0
DA:105,0
DA:106,0
DA:108,0
DA:113,0
DA:114,0
DA:115,0
DA:117,0
DA:122,0
DA:123,0
DA:124,0
DA:125,0
DA:126,0
DA:130,0
DA:131,0
DA:132,0
DA:133,0
DA:137,0
DA:138,0
DA:139,0
DA:144,0
DA:146,0
DA:151,0
LF:65
LH:0
BRDA:16,0,0,0
BRF:1
BRH:0
end_of_record
TN:
SF:src\modules\invoices\invoices.routes.ts
FN:20,(anonymous_0)
FNF:1
FNH:0
FNDA:0,(anonymous_0)
DA:1,0
DA:2,0
DA:3,0
DA:4,0
DA:5,0
DA:6,0
DA:7,0
DA:8,0
DA:10,0
DA:12,0
DA:14,0
DA:15,0
DA:17,0
DA:18,0
DA:19,0
DA:20,0
DA:21,0
DA:22,0
DA:31,0
DA:32,0
DA:34,0
DA:35,0
DA:36,0
DA:37,0
DA:38,0
DA:39,0
DA:40,0
DA:43,0
DA:45,0
LF:29
LH:0
BRF:0
BRH:0
end_of_record
TN:
SF:src\modules\invoices\invoices.schema.ts
FNF:0
FNH:0
DA:1,0
DA:2,0
DA:4,0
DA:18,0
DA:39,0
DA:46,0
DA:58,0
DA:67,0
DA:90,0
LF:9
LH:0
BRF:0
BRH:0
end_of_record
TN:
SF:src\modules\invoices\invoices.service.ts
FN:42,(anonymous_0)
FN:91,(anonymous_1)
FN:130,(anonymous_2)
FN:134,(anonymous_3)
FN:240,(anonymous_4)
FN:280,(anonymous_5)
FN:296,(anonymous_6)
FN:337,(anonymous_7)
FN:374,(anonymous_8)
FN:433,(anonymous_9)
FN:439,(anonymous_10)
FN:481,(anonymous_11)
FN:507,(anonymous_12)
FN:534,(anonymous_13)
FN:547,(anonymous_14)
FN:571,(anonymous_15)
FN:572,(anonymous_16)
FN:591,(anonymous_17)
FN:612,(anonymous_18)
FN:613,(anonymous_19)
FN:614,(anonymous_20)
FN:669,(anonymous_21)
FN:733,(anonymous_22)
FN:801,(anonymous_23)
FN:805,(anonymous_24)
FN:903,(anonymous_25)
FN:909,(anonymous_26)
FN:910,(anonymous_27)
FN:928,(anonymous_28)
FN:966,(anonymous_29)
FN:967,(anonymous_30)
FN:974,(anonymous_31)
FN:1003,(anonymous_32)
FN:1018,(anonymous_33)
FN:1052,(anonymous_34)
FN:1078,(anonymous_35)
FNF:36
FNH:0
FNDA:0,(anonymous_0)
FNDA:0,(anonymous_1)
FNDA:0,(anonymous_2)
FNDA:0,(anonymous_3)
FNDA:0,(anonymous_4)
FNDA:0,(anonymous_5)
FNDA:0,(anonymous_6)
FNDA:0,(anonymous_7)
FNDA:0,(anonymous_8)
FNDA:0,(anonymous_9)
FNDA:0,(anonymous_10)
FNDA:0,(anonymous_11)
FNDA:0,(anonymous_12)
FNDA:0,(anonymous_13)
FNDA:0,(anonymous_14)
FNDA:0,(anonymous_15)
FNDA:0,(anonymous_16)
FNDA:0,(anonymous_17)
FNDA:0,(anonymous_18)
FNDA:0,(anonymous_19)
FNDA:0,(anonymous_20)
FNDA:0,(anonymous_21)
FNDA:0,(anonymous_22)
FNDA:0,(anonymous_23)
FNDA:0,(anonymous_24)
FNDA:0,(anonymous_25)
FNDA:0,(anonymous_26)
FNDA:0,(anonymous_27)
FNDA:0,(anonymous_28)
FNDA:0,(anonymous_29)
FNDA:0,(anonymous_30)
FNDA:0,(anonymous_31)
FNDA:0,(anonymous_32)
FNDA:0,(anonymous_33)
FNDA:0,(anonymous_34)
FNDA:0,(anonymous_35)
DA:21,0
DA:22,0
DA:23,0
DA:24,0
DA:26,0
DA:27,0
DA:28,0
DA:35,0
DA:43,0
DA:44,0
DA:45,0
DA:47,0
DA:68,0
DA:82,0
DA:92,0
DA:110,0
DA:111,0
DA:131,0
DA:132,0
DA:134,0
DA:135,0
DA:138,0
DA:139,0
DA:140,0
DA:145,0
DA:146,0
DA:148,0
DA:152,0
DA:155,0
DA:164,0
DA:165,0
DA:167,0
DA:168,0
DA:175,0
DA:176,0
DA:178,0
DA:182,0
DA:183,0
DA:188,0
DA:198,0
DA:204,0
DA:208,0
DA:240,0
DA:281,0
DA:282,0
DA:283,0
DA:286,0
DA:295,0
DA:296,0
DA:297,0
DA:303,0
DA:304,0
DA:309,0
DA:310,0
DA:311,0
DA:321,0
DA:322,0
DA:325,0
DA:337,0
DA:359,0
DA:375,0
DA:376,0
DA:377,0
DA:380,0
DA:392,0
DA:414,0
DA:415,0
DA:434,0
DA:435,0
DA:436,0
DA:439,0
DA:441,0
DA:455,0
DA:457,0
DA:481,0
DA:506,0
DA:508,0
DA:514,0
DA:515,0
DA:535,0
DA:538,0
DA:539,0
DA:543,0
DA:544,0
DA:547,0
DA:548,0
DA:569,0
DA:571,0
DA:572,0
DA:591,0
DA:612,0
DA:613,0
DA:614,0
DA:616,0
DA:651,0
DA:658,0
DA:659,0
DA:670,0
DA:675,0
DA:676,0
DA:678,0
DA:679,0
DA:680,0
DA:681,0
DA:684,0
DA:685,0
DA:689,0
DA:690,0
DA:693,0
DA:698,0
DA:701,0
DA:706,0
DA:710,0
DA:711,0
DA:712,0
DA:714,0
DA:734,0
DA:735,0
DA:780,0
DA:781,0
DA:783,0
DA:786,0
DA:802,0
DA:805,0
DA:806,0
DA:809,0
DA:855,0
DA:857,0
DA:858,0
DA:859,0
DA:867,0
DA:868,0
DA:869,0
DA:877,0
DA:878,0
DA:886,0
DA:887,0
DA:895,0
DA:903,0
DA:909,0
DA:910,0
DA:929,0
DA:936,0
DA:937,0
DA:940,0
DA:943,0
DA:959,0
DA:963,0
DA:966,0
DA:967,0
DA:970,0
DA:971,0
DA:974,0
DA:987,0
DA:1003,0
DA:1019,0
DA:1020,0
DA:1021,0
DA:1023,0
DA:1024,0
DA:1026,0
DA:1028,0
DA:1052,0
DA:1079,0
DA:1080,0
DA:1081,0
DA:1083,0
DA:1087,0
LF:168
LH:0
BRDA:49,0,0,0
BRDA:49,0,1,0
BRDA:50,1,0,0
BRDA:50,1,1,0
BRDA:51,2,0,0
BRDA:51,2,1,0
BRDA:52,3,0,0
BRDA:52,3,1,0
BRDA:53,4,0,0
BRDA:53,4,1,0
BRDA:55,5,0,0
BRDA:55,5,1,0
BRDA:59,6,0,0
BRDA:59,6,1,0
BRDA:110,7,0,0
BRDA:131,8,0,0
BRDA:131,8,1,0
BRDA:135,9,0,0
BRDA:135,9,1,0
BRDA:135,10,0,0
BRDA:135,10,1,0
BRDA:139,11,0,0
BRDA:139,12,0,0
BRDA:139,12,1,0
BRDA:146,13,0,0
BRDA:146,14,0,0
BRDA:146,14,1,0
BRDA:152,15,0,0
BRDA:152,15,1,0
BRDA:164,16,0,0
BRDA:164,16,1,0
BRDA:167,17,0,0
BRDA:176,18,0,0
BRDA:176,19,0,0
BRDA:176,19,1,0
BRDA:182,20,0,0
BRDA:198,21,0,0
BRDA:198,21,1,0
BRDA:204,22,0,0
BRDA:204,22,1,0
BRDA:219,23,0,0
BRDA:219,23,1,0
BRDA:232,24,0,0
BRDA:232,24,1,0
BRDA:236,25,0,0
BRDA:236,25,1,0
BRDA:241,26,0,0
BRDA:241,26,1,0
BRDA:256,27,0,0
BRDA:256,27,1,0
BRDA:282,28,0,0
BRDA:295,29,0,0
BRDA:299,30,0,0
BRDA:299,30,1,0
BRDA:300,31,0,0
BRDA:300,31,1,0
BRDA:303,32,0,0
BRDA:303,32,1,0
BRDA:304,33,0,0
BRDA:304,33,1,0
BRDA:304,34,0,0
BRDA:304,34,1,0
BRDA:310,35,0,0
BRDA:310,36,0,0
BRDA:310,36,1,0
BRDA:321,37,0,0
BRDA:321,37,1,0
BRDA:327,38,0,0
BRDA:327,38,1,0
BRDA:328,39,0,0
BRDA:328,39,1,0
BRDA:338,40,0,0
BRDA:338,40,1,0
BRDA:353,41,0,0
BRDA:353,41,1,0
BRDA:376,42,0,0
BRDA:435,43,0,0
BRDA:482,44,0,0
BRDA:482,44,1,0
BRDA:497,45,0,0
BRDA:497,45,1,0
BRDA:538,46,0,0
BRDA:543,47,0,0
BRDA:569,48,0,0
BRDA:569,48,1,0
BRDA:569,49,0,0
BRDA:569,49,1,0
BRDA:573,50,0,0
BRDA:573,50,1,0
BRDA:576,51,0,0
BRDA:576,51,1,0
BRDA:592,52,0,0
BRDA:592,52,1,0
BRDA:625,53,0,0
BRDA:625,53,1,0
BRDA:627,54,0,0
BRDA:627,54,1,0
BRDA:681,55,0,0
BRDA:681,55,1,0
BRDA:681,56,0,0
BRDA:681,56,1,0
BRDA:684,57,0,0
BRDA:684,57,1,0
BRDA:685,58,0,0
BRDA:685,58,1,0
BRDA:689,59,0,0
BRDA:689,59,1,0
BRDA:690,60,0,0
BRDA:690,60,1,0
BRDA:690,61,0,0
BRDA:690,61,1,0
BRDA:690,61,2,0
BRDA:693,62,0,0
BRDA:693,62,1,0
BRDA:693,63,0,0
BRDA:693,63,1,0
BRDA:693,63,2,0
BRDA:698,64,0,0
BRDA:698,64,1,0
BRDA:698,65,0,0
BRDA:698,65,1,0
BRDA:701,66,0,0
BRDA:701,66,1,0
BRDA:702,67,0,0
BRDA:702,67,1,0
BRDA:703,68,0,0
BRDA:703,68,1,0
BRDA:706,69,0,0
BRDA:706,69,1,0
BRDA:707,70,0,0
BRDA:707,70,1,0
BRDA:708,71,0,0
BRDA:708,71,1,0
BRDA:710,72,0,0
BRDA:710,72,1,0
BRDA:711,73,0,0
BRDA:711,73,1,0
BRDA:712,74,0,0
BRDA:712,74,1,0
BRDA:721,75,0,0
BRDA:721,75,1,0
BRDA:723,76,0,0
BRDA:723,76,1,0
BRDA:724,77,0,0
BRDA:724,77,1,0
BRDA:725,78,0,0
BRDA:725,78,1,0
BRDA:726,79,0,0
BRDA:726,79,1,0
BRDA:727,80,0,0
BRDA:727,80,1,0
BRDA:728,81,0,0
BRDA:728,81,1,0
BRDA:730,82,0,0
BRDA:730,82,1,0
BRDA:736,83,0,0
BRDA:736,83,1,0
BRDA:738,84,0,0
BRDA:738,84,1,0
BRDA:744,85,0,0
BRDA:744,85,1,0
BRDA:746,86,0,0
BRDA:746,86,1,0
BRDA:747,87,0,0
BRDA:747,87,1,0
BRDA:760,88,0,0
BRDA:760,88,1,0
BRDA:761,89,0,0
BRDA:761,89,1,0
BRDA:762,90,0,0
BRDA:762,90,1,0
BRDA:767,91,0,0
BRDA:767,91,1,0
BRDA:773,92,0,0
BRDA:773,92,1,0
BRDA:774,93,0,0
BRDA:774,93,1,0
BRDA:780,94,0,0
BRDA:780,94,1,0
BRDA:846,95,0,0
BRDA:846,95,1,0
BRDA:857,96,0,0
BRDA:857,96,1,0
BRDA:858,97,0,0
BRDA:861,98,0,0
BRDA:861,98,1,0
BRDA:867,99,0,0
BRDA:867,99,1,0
BRDA:868,100,0,0
BRDA:868,101,0,0
BRDA:868,101,1,0
BRDA:877,102,0,0
BRDA:886,103,0,0
BRDA:936,104,0,0
BRDA:937,105,0,0
BRDA:940,106,0,0
BRDA:940,106,1,0
BRDA:963,107,0,0
BRDA:976,108,0,0
BRDA:976,108,1,0
BRDA:978,109,0,0
BRDA:978,109,1,0
BRDA:994,110,0,0
BRDA:994,110,1,0
BRDA:995,111,0,0
BRDA:995,111,1,0
BRDA:1021,112,0,0
BRDA:1021,112,1,0
BRDA:1032,113,0,0
BRDA:1032,113,1,0
BRDA:1054,114,0,0
BRDA:1054,114,1,0
BRDA:1080,115,0,0
BRF:213
BRH:0
end_of_record
TN:
SF:src\modules\notifications\notifications.controller.ts
FN:9,(anonymous_0)
FN:21,(anonymous_1)
FN:31,(anonymous_2)
FN:40,(anonymous_3)
FN:49,(anonymous_4)
FN:58,(anonymous_5)
FNF:6
FNH:0
FNDA:0,(anonymous_0)
FNDA:0,(anonymous_1)
FNDA:0,(anonymous_2)
FNDA:0,(anonymous_3)
FNDA:0,(anonymous_4)
FNDA:0,(anonymous_5)
DA:2,0
DA:3,0
DA:4,0
DA:6,0
DA:9,0
DA:12,0
DA:20,0
DA:22,0
DA:23,0
DA:24,0
DA:25,0
DA:27,0
DA:32,0
DA:33,0
DA:34,0
DA:36,0
DA:41,0
DA:42,0
DA:43,0
DA:45,0
DA:50,0
DA:51,0
DA:52,0
DA:54,0
DA:59,0
DA:60,0
DA:61,0
DA:62,0
DA:64,0
DA:69,0
LF:30
LH:0
BRDA:9,0,0,0
BRDA:9,0,1,0
BRF:2
BRH:0
end_of_record
TN:
SF:src\modules\notifications\notifications.routes.ts
FNF:0
FNH:0
DA:1,0
DA:2,0
DA:3,0
DA:5,0
DA:7,0
DA:9,0
DA:10,0
DA:11,0
DA:12,0
DA:13,0
DA:15,0
LF:11
LH:0
BRF:0
BRH:0
end_of_record
TN:
SF:src\modules\notifications\notifications.service.ts
FN:6,(anonymous_0)
FN:28,(anonymous_1)
FN:38,(anonymous_2)
FN:46,(anonymous_3)
FN:49,(anonymous_4)
FN:52,(anonymous_5)
FN:60,(anonymous_6)
FN:65,(anonymous_7)
FN:77,(anonymous_8)
FN:86,(anonymous_9)
FNF:10
FNH:0
FNDA:0,(anonymous_0)
FNDA:0,(anonymous_1)
FNDA:0,(anonymous_2)
FNDA:0,(anonymous_3)
FNDA:0,(anonymous_4)
FNDA:0,(anonymous_5)
FNDA:0,(anonymous_6)
FNDA:0,(anonymous_7)
FNDA:0,(anonymous_8)
FNDA:0,(anonymous_9)
DA:1,0
DA:2,0
DA:3,0
DA:5,0
DA:7,0
DA:9,0
DA:14,0
DA:25,0
DA:29,0
DA:30,0
DA:32,0
DA:39,0
DA:47,0
DA:48,0
DA:49,0
DA:52,0
DA:64,0
DA:66,0
DA:73,0
DA:84,0
DA:90,0
LF:21
LH:0
BRDA:6,0,0,0
BRDA:6,1,0,0
BRDA:6,2,0,0
BRDA:11,3,0,0
BRDA:11,3,1,0
BRDA:30,4,0,0
BRDA:54,5,0,0
BRDA:54,5,1,0
BRDA:55,6,0,0
BRDA:55,6,1,0
BRDA:82,7,0,0
BRF:11
BRH:0
end_of_record
TN:
SF:src\modules\offices\offices.routes.ts
FN:13,(anonymous_0)
FN:23,(anonymous_1)
FN:34,(anonymous_2)
FN:43,(anonymous_3)
FN:57,(anonymous_4)
FN:73,(anonymous_5)
FNF:6
FNH:0
FNDA:0,(anonymous_0)
FNDA:0,(anonymous_1)
FNDA:0,(anonymous_2)
FNDA:0,(anonymous_3)
FNDA:0,(anonymous_4)
FNDA:0,(anonymous_5)
DA:1,0
DA:2,0
DA:3,0
DA:4,0
DA:5,0
DA:6,0
DA:8,0
DA:10,0
DA:12,0
DA:13,0
DA:20,0
DA:23,0
DA:24,0
DA:25,0
DA:29,0
DA:30,0
DA:34,0
DA:35,0
DA:36,0
DA:37,0
DA:38,0
DA:39,0
DA:43,0
DA:44,0
DA:45,0
DA:47,0
DA:48,0
DA:51,0
DA:52,0
DA:53,0
DA:57,0
DA:58,0
DA:59,0
DA:60,0
DA:61,0
DA:63,0
DA:64,0
DA:67,0
DA:68,0
DA:69,0
DA:73,0
DA:74,0
DA:75,0
DA:76,0
DA:77,0
DA:79,0
DA:80,0
DA:81,0
LF:48
LH:0
BRDA:37,0,0,0
BRDA:47,1,0,0
BRDA:61,2,0,0
BRDA:63,3,0,0
BRDA:76,4,0,0
BRDA:77,5,0,0
BRF:6
BRH:0
end_of_record
TN:
SF:src\modules\payments\payments.controller.ts
FN:7,(anonymous_0)
FN:15,(anonymous_1)
FN:36,(anonymous_2)
FN:47,(anonymous_3)
FN:56,(anonymous_4)
FNF:5
FNH:0
FNDA:0,(anonymous_0)
FNDA:0,(anonymous_1)
FNDA:0,(anonymous_2)
FNDA:0,(anonymous_3)
FNDA:0,(anonymous_4)
DA:2,0
DA:3,0
DA:4,0
DA:6,0
DA:8,0
DA:9,0
DA:11,0
DA:12,0
DA:13,0
DA:16,0
DA:17,0
DA:29,0
DA:30,0
DA:32,0
DA:37,0
DA:38,0
DA:39,0
DA:40,0
DA:41,0
DA:43,0
DA:48,0
DA:49,0
DA:50,0
DA:52,0
DA:57,0
DA:58,0
DA:59,0
DA:64,0
DA:65,0
DA:69,0
LF:30
LH:0
BRDA:11,0,0,0
BRDA:18,1,0,0
BRDA:18,1,1,0
BRF:3
BRH:0
end_of_record
TN:
SF:src\modules\payments\payments.routes.ts
FNF:0
FNH:0
DA:1,0
DA:2,0
DA:3,0
DA:4,0
DA:5,0
DA:6,0
DA:8,0
DA:10,0
DA:12,0
DA:13,0
DA:14,0
DA:16,0
LF:12
LH:0
BRF:0
BRH:0
end_of_record
TN:
SF:src\modules\payments\payments.schema.ts
FN:4,(anonymous_0)
FNF:1
FNH:0
FNDA:0,(anonymous_0)
DA:1,0
DA:3,0
DA:4,0
DA:11,0
LF:4
LH:0
BRF:0
BRH:0
end_of_record
TN:
SF:src\modules\payments\payments.service.ts
FN:31,(anonymous_0)
FN:81,(anonymous_1)
FN:99,(anonymous_2)
FN:148,(anonymous_3)
FN:177,(anonymous_4)
FN:185,(anonymous_5)
FN:226,(anonymous_6)
FNF:7
FNH:0
FNDA:0,(anonymous_0)
FNDA:0,(anonymous_1)
FNDA:0,(anonymous_2)
FNDA:0,(anonymous_3)
FNDA:0,(anonymous_4)
FNDA:0,(anonymous_5)
FNDA:0,(anonymous_6)
DA:16,0
DA:17,0
DA:19,0
DA:20,0
DA:21,0
DA:24,0
DA:32,0
DA:33,0
DA:35,0
DA:43,0
DA:57,0
DA:82,0
DA:86,0
DA:88,0
DA:89,0
DA:92,0
DA:93,0
DA:94,0
DA:99,0
DA:101,0
DA:114,0
DA:115,0
DA:116,0
DA:120,0
DA:127,0
DA:147,0
DA:150,0
DA:151,0
DA:152,0
DA:154,0
DA:163,0
DA:164,0
DA:178,0
DA:183,0
DA:185,0
DA:187,0
DA:193,0
DA:198,0
DA:199,0
DA:202,0
DA:203,0
DA:204,0
DA:206,0
DA:216,0
DA:227,0
DA:236,0
DA:238,0
DA:242,0
DA:244,0
DA:264,0
DA:265,0
DA:267,0
DA:271,0
LF:53
LH:0
BRDA:37,0,0,0
BRDA:37,0,1,0
BRDA:38,1,0,0
BRDA:38,1,1,0
BRDA:39,2,0,0
BRDA:39,2,1,0
BRDA:40,3,0,0
BRDA:40,3,1,0
BRDA:86,4,0,0
BRDA:88,5,0,0
BRDA:93,6,0,0
BRDA:120,7,0,0
BRDA:120,7,1,0
BRDA:122,8,0,0
BRDA:122,8,1,0
BRDA:134,9,0,0
BRDA:134,9,1,0
BRDA:135,10,0,0
BRDA:135,10,1,0
BRDA:155,11,0,0
BRDA:155,11,1,0
BRDA:156,12,0,0
BRDA:156,12,1,0
BRDA:157,13,0,0
BRDA:157,13,1,0
BRDA:183,14,0,0
BRDA:198,15,0,0
BRDA:198,15,1,0
BRDA:203,16,0,0
BRDA:203,16,1,0
BRDA:204,17,0,0
BRDA:236,18,0,0
BRDA:242,19,0,0
BRDA:242,19,1,0
BRDA:249,20,0,0
BRDA:249,20,1,0
BRDA:255,21,0,0
BRDA:255,21,1,0
BRDA:256,22,0,0
BRDA:256,22,1,0
BRDA:258,23,0,0
BRDA:258,23,1,0
BRDA:259,24,0,0
BRDA:259,24,1,0
BRDA:260,25,0,0
BRDA:260,25,1,0
BRDA:261,26,0,0
BRDA:261,26,1,0
BRF:48
BRH:0
end_of_record
TN:
SF:src\modules\products\products.controller.ts
FN:14,(anonymous_0)
FN:21,(anonymous_1)
FN:31,(anonymous_2)
FN:40,(anonymous_3)
FN:50,(anonymous_4)
FN:60,(anonymous_5)
FN:70,(anonymous_6)
FN:78,(anonymous_7)
FN:97,(anonymous_8)
FN:106,(anonymous_9)
FN:116,(anonymous_10)
FN:126,(anonymous_11)
FN:136,(anonymous_12)
FNF:13
FNH:0
FNDA:0,(anonymous_0)
FNDA:0,(anonymous_1)
FNDA:0,(anonymous_2)
FNDA:0,(anonymous_3)
FNDA:0,(anonymous_4)
FNDA:0,(anonymous_5)
FNDA:0,(anonymous_6)
FNDA:0,(anonymous_7)
FNDA:0,(anonymous_8)
FNDA:0,(anonymous_9)
FNDA:0,(anonymous_10)
FNDA:0,(anonymous_11)
FNDA:0,(anonymous_12)
DA:2,0
DA:3,0
DA:4,0
DA:12,0
DA:15,0
DA:16,0
DA:18,0
DA:19,0
DA:21,0
DA:25,0
DA:27,0
DA:32,0
DA:33,0
DA:34,0
DA:36,0
DA:41,0
DA:42,0
DA:43,0
DA:44,0
DA:46,0
DA:51,0
DA:52,0
DA:53,0
DA:54,0
DA:56,0
DA:61,0
DA:62,0
DA:63,0
DA:65,0
DA:71,0
DA:72,0
DA:74,0
DA:75,0
DA:76,0
DA:78,0
DA:90,0
DA:91,0
DA:93,0
DA:98,0
DA:99,0
DA:100,0
DA:102,0
DA:107,0
DA:108,0
DA:109,0
DA:110,0
DA:112,0
DA:117,0
DA:118,0
DA:119,0
DA:120,0
DA:122,0
DA:127,0
DA:128,0
DA:129,0
DA:130,0
DA:132,0
DA:137,0
DA:138,0
DA:139,0
DA:141,0
DA:146,0
LF:62
LH:0
BRDA:18,0,0,0
BRDA:21,1,0,0
BRDA:21,1,1,0
BRDA:21,2,0,0
BRDA:21,2,1,0
BRDA:74,3,0,0
BRDA:79,4,0,0
BRDA:79,4,1,0
BRDA:81,5,0,0
BRDA:81,5,1,0
BRDA:84,6,0,0
BRDA:84,6,1,0
BRDA:85,7,0,0
BRDA:85,7,1,0
BRDA:108,8,0,0
BRDA:108,8,1,0
BRF:16
BRH:0
end_of_record
TN:
SF:src\modules\products\products.routes.ts
FNF:0
FNH:0
DA:1,0
DA:2,0
DA:3,0
DA:4,0
DA:6,0
DA:7,0
DA:9,0
DA:10,0
DA:13,0
DA:14,0
DA:15,0
DA:16,0
DA:17,0
DA:20,0
DA:22,0
DA:23,0
DA:24,0
DA:25,0
DA:26,0
DA:28,0
LF:20
LH:0
BRF:0
BRH:0
end_of_record
TN:
SF:src\modules\products\products.schema.ts
FNF:0
FNH:0
DA:1,0
DA:3,0
DA:12,0
DA:14,0
DA:28,0
DA:30,0
LF:6
LH:0
BRF:0
BRH:0
end_of_record
TN:
SF:src\modules\products\products.service.ts
FN:15,(anonymous_0)
FN:22,(anonymous_1)
FN:31,(anonymous_2)
FN:37,(anonymous_3)
FN:42,(anonymous_4)
FN:58,(anonymous_5)
FN:90,(anonymous_6)
FN:110,(anonymous_7)
FN:112,(anonymous_8)
FN:121,(anonymous_9)
FN:138,(anonymous_10)
FN:191,(anonymous_11)
FN:203,(anonymous_12)
FN:219,(anonymous_13)
FN:224,(anonymous_14)
FNF:15
FNH:0
FNDA:0,(anonymous_0)
FNDA:0,(anonymous_1)
FNDA:0,(anonymous_2)
FNDA:0,(anonymous_3)
FNDA:0,(anonymous_4)
FNDA:0,(anonymous_5)
FNDA:0,(anonymous_6)
FNDA:0,(anonymous_7)
FNDA:0,(anonymous_8)
FNDA:0,(anonymous_9)
FNDA:0,(anonymous_10)
FNDA:0,(anonymous_11)
FNDA:0,(anonymous_12)
FNDA:0,(anonymous_13)
FNDA:0,(anonymous_14)
DA:2,0
DA:3,0
DA:12,0
DA:16,0
DA:23,0
DA:27,0
DA:28,0
DA:32,0
DA:38,0
DA:39,0
DA:43,0
DA:44,0
DA:47,0
DA:48,0
DA:50,0
DA:59,0
DA:60,0
DA:62,0
DA:76,0
DA:89,0
DA:90,0
DA:93,0
DA:110,0
DA:112,0
DA:121,0
DA:123,0
DA:126,0
DA:139,0
DA:146,0
DA:148,0
DA:149,0
DA:151,0
DA:153,0
DA:163,0
DA:164,0
DA:165,0
DA:169,0
DA:171,0
DA:192,0
DA:199,0
DA:200,0
DA:204,0
DA:220,0
DA:221,0
DA:225,0
DA:226,0
DA:233,0
LF:47
LH:0
BRDA:27,0,0,0
BRDA:47,1,0,0
BRDA:64,2,0,0
BRDA:64,2,1,0
BRDA:65,3,0,0
BRDA:65,3,1,0
BRDA:66,4,0,0
BRDA:66,4,1,0
BRDA:67,5,0,0
BRDA:67,5,1,0
BRDA:89,6,0,0
BRDA:89,7,0,0
BRDA:89,7,1,0
BRDA:114,8,0,0
BRDA:114,8,1,0
BRDA:115,9,0,0
BRDA:115,9,1,0
BRDA:121,10,0,0
BRDA:121,10,1,0
BRDA:146,11,0,0
BRDA:151,12,0,0
BRDA:163,13,0,0
BRDA:173,14,0,0
BRDA:173,14,1,0
BRDA:184,15,0,0
BRDA:184,15,1,0
BRDA:187,16,0,0
BRDA:187,16,1,0
BRDA:199,17,0,0
BRDA:209,18,0,0
BRDA:209,18,1,0
BRF:31
BRH:0
end_of_record
TN:
SF:src\modules\proformas\proformas.controller.ts
FN:13,(anonymous_0)
FN:20,(anonymous_1)
FN:39,(anonymous_2)
FN:48,(anonymous_3)
FN:58,(anonymous_4)
FN:68,(anonymous_5)
FN:77,(anonymous_6)
FN:86,(anonymous_7)
FN:96,(anonymous_8)
FN:106,(anonymous_9)
FN:120,(anonymous_10)
FN:129,(anonymous_11)
FNF:12
FNH:0
FNDA:0,(anonymous_0)
FNDA:0,(anonymous_1)
FNDA:0,(anonymous_2)
FNDA:0,(anonymous_3)
FNDA:0,(anonymous_4)
FNDA:0,(anonymous_5)
FNDA:0,(anonymous_6)
FNDA:0,(anonymous_7)
FNDA:0,(anonymous_8)
FNDA:0,(anonymous_9)
FNDA:0,(anonymous_10)
FNDA:0,(anonymous_11)
DA:2,0
DA:3,0
DA:4,0
DA:12,0
DA:14,0
DA:15,0
DA:16,0
DA:17,0
DA:18,0
DA:20,0
DA:31,0
DA:32,0
DA:33,0
DA:35,0
DA:40,0
DA:41,0
DA:42,0
DA:44,0
DA:49,0
DA:50,0
DA:51,0
DA:52,0
DA:54,0
DA:59,0
DA:60,0
DA:61,0
DA:62,0
DA:64,0
DA:69,0
DA:70,0
DA:71,0
DA:73,0
DA:78,0
DA:79,0
DA:80,0
DA:82,0
DA:87,0
DA:88,0
DA:89,0
DA:90,0
DA:92,0
DA:97,0
DA:98,0
DA:99,0
DA:100,0
DA:102,0
DA:107,0
DA:108,0
DA:109,0
DA:114,0
DA:116,0
DA:121,0
DA:122,0
DA:123,0
DA:125,0
DA:130,0
DA:131,0
DA:132,0
DA:134,0
DA:139,0
LF:60
LH:0
BRDA:15,0,0,0
BRF:1
BRH:0
end_of_record
TN:
SF:src\modules\proformas\proformas.routes.ts
FNF:0
FNH:0
DA:1,0
DA:2,0
DA:3,0
DA:4,0
DA:5,0
DA:7,0
DA:9,0
DA:11,0
DA:12,0
DA:13,0
DA:14,0
DA:15,0
DA:16,0
DA:17,0
DA:18,0
DA:19,0
DA:20,0
DA:21,0
DA:23,0
LF:19
LH:0
BRF:0
BRH:0
end_of_record
TN:
SF:src\modules\proformas\proformas.schema.ts
FN:64,(anonymous_0)
FNF:1
FNH:0
FNDA:0,(anonymous_0)
DA:1,0
DA:2,0
DA:4,0
DA:18,0
DA:35,0
DA:39,0
DA:49,0
DA:60,0
DA:64,0
LF:9
LH:0
BRDA:64,0,0,0
BRDA:64,0,1,0
BRF:2
BRH:0
end_of_record
TN:
SF:src\modules\proformas\proformas.service.ts
FN:13,(anonymous_0)
FN:49,(anonymous_1)
FN:68,(anonymous_2)
FN:72,(anonymous_3)
FN:98,(anonymous_4)
FN:127,(anonymous_5)
FN:144,(anonymous_6)
FN:160,(anonymous_7)
FN:189,(anonymous_8)
FN:236,(anonymous_9)
FN:263,(anonymous_10)
FN:313,(anonymous_11)
FN:338,(anonymous_12)
FN:374,(anonymous_13)
FN:417,(anonymous_14)
FN:437,(anonymous_15)
FN:490,(anonymous_16)
FN:522,(anonymous_17)
FN:549,(anonymous_18)
FNF:19
FNH:0
FNDA:0,(anonymous_0)
FNDA:0,(anonymous_1)
FNDA:0,(anonymous_2)
FNDA:0,(anonymous_3)
FNDA:0,(anonymous_4)
FNDA:0,(anonymous_5)
FNDA:0,(anonymous_6)
FNDA:0,(anonymous_7)
FNDA:0,(anonymous_8)
FNDA:0,(anonymous_9)
FNDA:0,(anonymous_10)
FNDA:0,(anonymous_11)
FNDA:0,(anonymous_12)
FNDA:0,(anonymous_13)
FNDA:0,(anonymous_14)
FNDA:0,(anonymous_15)
FNDA:0,(anonymous_16)
FNDA:0,(anonymous_17)
FNDA:0,(anonymous_18)
DA:2,0
DA:3,0
DA:4,0
DA:6,0
DA:7,0
DA:8,0
DA:9,0
DA:12,0
DA:14,0
DA:15,0
DA:17,0
DA:32,0
DA:46,0
DA:50,0
DA:64,0
DA:65,0
DA:69,0
DA:70,0
DA:72,0
DA:73,0
DA:75,0
DA:98,0
DA:123,0
DA:124,0
DA:128,0
DA:129,0
DA:130,0
DA:133,0
DA:143,0
DA:144,0
DA:145,0
DA:150,0
DA:160,0
DA:182,0
DA:190,0
DA:191,0
DA:192,0
DA:195,0
DA:211,0
DA:232,0
DA:233,0
DA:237,0
DA:238,0
DA:239,0
DA:242,0
DA:252,0
DA:259,0
DA:260,0
DA:264,0
DA:265,0
DA:266,0
DA:269,0
DA:279,0
DA:286,0
DA:287,0
DA:318,0
DA:319,0
DA:320,0
DA:323,0
DA:324,0
DA:326,0
DA:327,0
DA:328,0
DA:330,0
DA:331,0
DA:334,0
DA:335,0
DA:336,0
DA:338,0
DA:339,0
DA:374,0
DA:400,0
DA:410,0
DA:413,0
DA:414,0
DA:418,0
DA:423,0
DA:424,0
DA:425,0
DA:427,0
DA:438,0
DA:439,0
DA:479,0
DA:480,0
DA:482,0
DA:487,0
DA:491,0
DA:492,0
DA:493,0
DA:495,0
DA:496,0
DA:498,0
DA:500,0
DA:522,0
DA:550,0
DA:551,0
DA:552,0
DA:554,0
DA:558,0
LF:99
LH:0
BRDA:19,0,0,0
BRDA:19,0,1,0
BRDA:20,1,0,0
BRDA:20,1,1,0
BRDA:21,2,0,0
BRDA:21,2,1,0
BRDA:22,3,0,0
BRDA:22,3,1,0
BRDA:23,4,0,0
BRDA:23,4,1,0
BRDA:64,5,0,0
BRDA:69,6,0,0
BRDA:69,6,1,0
BRDA:73,7,0,0
BRDA:73,7,1,0
BRDA:73,8,0,0
BRDA:73,8,1,0
BRDA:82,9,0,0
BRDA:82,9,1,0
BRDA:99,10,0,0
BRDA:99,10,1,0
BRDA:114,11,0,0
BRDA:114,11,1,0
BRDA:129,12,0,0
BRDA:143,13,0,0
BRDA:147,14,0,0
BRDA:147,14,1,0
BRDA:148,15,0,0
BRDA:148,15,1,0
BRDA:152,16,0,0
BRDA:152,16,1,0
BRDA:153,17,0,0
BRDA:153,17,1,0
BRDA:161,18,0,0
BRDA:161,18,1,0
BRDA:176,19,0,0
BRDA:176,19,1,0
BRDA:191,20,0,0
BRDA:238,21,0,0
BRDA:265,22,0,0
BRDA:282,23,0,0
BRDA:282,23,1,0
BRDA:316,24,0,0
BRDA:319,25,0,0
BRDA:324,26,0,0
BRDA:324,26,1,0
BRDA:331,27,0,0
BRDA:331,27,1,0
BRDA:364,28,0,0
BRDA:364,28,1,0
BRDA:365,29,0,0
BRDA:365,29,1,0
BRDA:366,30,0,0
BRDA:366,30,1,0
BRDA:368,31,0,0
BRDA:368,31,1,0
BRDA:375,32,0,0
BRDA:375,32,1,0
BRDA:404,33,0,0
BRDA:404,33,1,0
BRDA:423,34,0,0
BRDA:423,34,1,0
BRDA:424,35,0,0
BRDA:424,35,1,0
BRDA:425,36,0,0
BRDA:425,36,1,0
BRDA:434,37,0,0
BRDA:434,37,1,0
BRDA:441,38,0,0
BRDA:441,38,1,0
BRDA:447,39,0,0
BRDA:447,39,1,0
BRDA:449,40,0,0
BRDA:449,40,1,0
BRDA:450,41,0,0
BRDA:450,41,1,0
BRDA:463,42,0,0
BRDA:463,42,1,0
BRDA:464,43,0,0
BRDA:464,43,1,0
BRDA:465,44,0,0
BRDA:465,44,1,0
BRDA:470,45,0,0
BRDA:470,45,1,0
BRDA:471,46,0,0
BRDA:471,46,1,0
BRDA:472,47,0,0
BRDA:472,47,1,0
BRDA:473,48,0,0
BRDA:473,48,1,0
BRDA:479,49,0,0
BRDA:479,49,1,0
BRDA:493,50,0,0
BRDA:493,50,1,0
BRDA:524,51,0,0
BRDA:524,51,1,0
BRDA:538,52,0,0
BRDA:538,52,1,0
BRDA:551,53,0,0
BRF:99
BRH:0
end_of_record
TN:
SF:src\modules\recurring\recurring.controller.ts
FN:6,(anonymous_0)
FN:16,(anonymous_1)
FN:25,(anonymous_2)
FN:35,(anonymous_3)
FN:45,(anonymous_4)
FN:54,(anonymous_5)
FN:63,(anonymous_6)
FN:72,(anonymous_7)
FNF:8
FNH:0
FNDA:0,(anonymous_0)
FNDA:0,(anonymous_1)
FNDA:0,(anonymous_2)
FNDA:0,(anonymous_3)
FNDA:0,(anonymous_4)
FNDA:0,(anonymous_5)
FNDA:0,(anonymous_6)
FNDA:0,(anonymous_7)
DA:2,0
DA:3,0
DA:5,0
DA:7,0
DA:8,0
DA:9,0
DA:10,0
DA:12,0
DA:17,0
DA:18,0
DA:19,0
DA:21,0
DA:26,0
DA:27,0
DA:28,0
DA:29,0
DA:31,0
DA:36,0
DA:37,0
DA:38,0
DA:39,0
DA:41,0
DA:46,0
DA:47,0
DA:48,0
DA:50,0
DA:55,0
DA:56,0
DA:57,0
DA:59,0
DA:64,0
DA:65,0
DA:66,0
DA:68,0
DA:73,0
DA:74,0
DA:75,0
DA:77,0
DA:82,0
LF:39
LH:0
BRF:0
BRH:0
end_of_record
TN:
SF:src\modules\recurring\recurring.routes.ts
FNF:0
FNH:0
DA:1,0
DA:2,0
DA:3,0
DA:4,0
DA:6,0
DA:8,0
DA:10,0
DA:11,0
DA:12,0
DA:13,0
DA:14,0
DA:15,0
DA:16,0
DA:17,0
DA:19,0
LF:15
LH:0
BRF:0
BRH:0
end_of_record
TN:
SF:src\modules\recurring\recurring.schema.ts
FNF:0
FNH:0
DA:1,0
DA:3,0
DA:15,0
DA:28,0
DA:32,0
LF:5
LH:0
BRF:0
BRH:0
end_of_record
TN:
SF:src\modules\recurring\recurring.service.ts
FN:8,nextDate
FN:20,(anonymous_1)
FN:48,(anonymous_2)
FN:62,(anonymous_3)
FN:78,(anonymous_4)
FN:95,(anonymous_5)
FN:112,(anonymous_6)
FN:134,(anonymous_7)
FN:139,(anonymous_8)
FN:151,(anonymous_9)
FN:171,(anonymous_10)
FN:189,(anonymous_11)
FN:211,(anonymous_12)
FNF:13
FNH:0
FNDA:0,nextDate
FNDA:0,(anonymous_1)
FNDA:0,(anonymous_2)
FNDA:0,(anonymous_3)
FNDA:0,(anonymous_4)
FNDA:0,(anonymous_5)
FNDA:0,(anonymous_6)
FNDA:0,(anonymous_7)
FNDA:0,(anonymous_8)
FNDA:0,(anonymous_9)
FNDA:0,(anonymous_10)
FNDA:0,(anonymous_11)
FNDA:0,(anonymous_12)
DA:2,0
DA:3,0
DA:4,0
DA:9,0
DA:10,0
DA:11,0
DA:12,0
DA:13,0
DA:14,0
DA:16,0
DA:19,0
DA:21,0
DA:22,0
DA:24,0
DA:30,0
DA:45,0
DA:49,0
DA:58,0
DA:59,0
DA:63,0
DA:65,0
DA:78,0
DA:96,0
DA:98,0
DA:108,0
DA:109,0
DA:112,0
DA:127,0
DA:135,0
DA:136,0
DA:140,0
DA:141,0
DA:152,0
DA:154,0
DA:155,0
DA:157,0
DA:158,0
DA:161,0
DA:162,0
DA:164,0
DA:165,0
DA:166,0
DA:169,0
DA:170,0
DA:171,0
DA:172,0
DA:173,0
DA:174,0
DA:175,0
DA:176,0
DA:177,0
DA:179,0
DA:180,0
DA:181,0
DA:182,0
DA:183,0
DA:184,0
DA:187,0
DA:189,0
DA:190,0
DA:211,0
DA:236,0
DA:244,0
DA:247,0
DA:251,0
LF:65
LH:0
BRDA:10,0,0,0
BRDA:10,0,1,0
BRDA:10,0,2,0
BRDA:10,0,3,0
BRDA:26,1,0,0
BRDA:26,1,1,0
BRDA:27,2,0,0
BRDA:27,2,1,0
BRDA:58,3,0,0
BRDA:63,4,0,0
BRDA:63,4,1,0
BRDA:108,5,0,0
BRDA:154,6,0,0
BRDA:157,7,0,0
BRDA:157,8,0,0
BRDA:157,8,1,0
BRDA:162,9,0,0
BRDA:162,9,1,0
BRDA:174,10,0,0
BRDA:174,10,1,0
BRDA:176,11,0,0
BRDA:214,12,0,0
BRDA:214,12,1,0
BRF:23
BRH:0
end_of_record
TN:
SF:src\modules\reports\reports.routes.ts
FN:36,getReportAssets
FN:48,fmt
FN:53,periodLabel
FN:63,daysLate
FN:68,emptyRow
FN:360,reportHtml
FN:438,sendPdfResponse
FN:447,(anonymous_7)
FN:455,(anonymous_8)
FN:461,(anonymous_9)
FN:462,(anonymous_10)
FN:463,(anonymous_11)
FN:464,(anonymous_12)
FN:503,(anonymous_13)
FN:537,(anonymous_14)
FN:545,(anonymous_15)
FN:551,(anonymous_16)
FN:552,(anonymous_17)
FN:553,(anonymous_18)
FN:554,(anonymous_19)
FN:555,(anonymous_20)
FN:590,(anonymous_21)
FN:630,(anonymous_22)
FN:638,(anonymous_23)
FN:644,(anonymous_24)
FN:645,(anonymous_25)
FN:646,(anonymous_26)
FN:675,(anonymous_27)
FN:720,(anonymous_28)
FN:728,(anonymous_29)
FN:743,(anonymous_30)
FN:781,(anonymous_31)
FN:826,(anonymous_32)
FN:834,(anonymous_33)
FN:844,(anonymous_34)
FN:870,(anonymous_35)
FN:889,(anonymous_36)
FN:921,(anonymous_37)
FN:929,(anonymous_38)
FN:935,(anonymous_39)
FN:936,(anonymous_40)
FN:937,(anonymous_41)
FN:938,(anonymous_42)
FN:983,(anonymous_43)
FNF:44
FNH:0
FNDA:0,getReportAssets
FNDA:0,fmt
FNDA:0,periodLabel
FNDA:0,daysLate
FNDA:0,emptyRow
FNDA:0,reportHtml
FNDA:0,sendPdfResponse
FNDA:0,(anonymous_7)
FNDA:0,(anonymous_8)
FNDA:0,(anonymous_9)
FNDA:0,(anonymous_10)
FNDA:0,(anonymous_11)
FNDA:0,(anonymous_12)
FNDA:0,(anonymous_13)
FNDA:0,(anonymous_14)
FNDA:0,(anonymous_15)
FNDA:0,(anonymous_16)
FNDA:0,(anonymous_17)
FNDA:0,(anonymous_18)
FNDA:0,(anonymous_19)
FNDA:0,(anonymous_20)
FNDA:0,(anonymous_21)
FNDA:0,(anonymous_22)
FNDA:0,(anonymous_23)
FNDA:0,(anonymous_24)
FNDA:0,(anonymous_25)
FNDA:0,(anonymous_26)
FNDA:0,(anonymous_27)
FNDA:0,(anonymous_28)
FNDA:0,(anonymous_29)
FNDA:0,(anonymous_30)
FNDA:0,(anonymous_31)
FNDA:0,(anonymous_32)
FNDA:0,(anonymous_33)
FNDA:0,(anonymous_34)
FNDA:0,(anonymous_35)
FNDA:0,(anonymous_36)
FNDA:0,(anonymous_37)
FNDA:0,(anonymous_38)
FNDA:0,(anonymous_39)
FNDA:0,(anonymous_40)
FNDA:0,(anonymous_41)
FNDA:0,(anonymous_42)
FNDA:0,(anonymous_43)
DA:13,0
DA:14,0
DA:15,0
DA:16,0
DA:17,0
DA:18,0
DA:19,0
DA:20,0
DA:22,0
DA:24,0
DA:26,0
DA:37,0
DA:40,0
DA:49,0
DA:54,0
DA:55,0
DA:57,0
DA:58,0
DA:59,0
DA:64,0
DA:69,0
DA:74,0
DA:375,0
DA:377,0
DA:378,0
DA:379,0
DA:380,0
DA:382,0
DA:439,0
DA:440,0
DA:441,0
DA:442,0
DA:447,0
DA:448,0
DA:449,0
DA:450,0
DA:452,0
DA:453,0
DA:455,0
DA:459,0
DA:460,0
DA:461,0
DA:462,0
DA:463,0
DA:464,0
DA:466,0
DA:472,0
DA:503,0
DA:521,0
DA:528,0
DA:531,0
DA:532,0
DA:537,0
DA:538,0
DA:539,0
DA:540,0
DA:542,0
DA:543,0
DA:545,0
DA:549,0
DA:550,0
DA:551,0
DA:552,0
DA:553,0
DA:554,0
DA:555,0
DA:557,0
DA:590,0
DA:614,0
DA:621,0
DA:624,0
DA:625,0
DA:630,0
DA:631,0
DA:632,0
DA:633,0
DA:635,0
DA:636,0
DA:638,0
DA:642,0
DA:643,0
DA:644,0
DA:645,0
DA:646,0
DA:648,0
DA:676,0
DA:677,0
DA:678,0
DA:704,0
DA:711,0
DA:714,0
DA:715,0
DA:720,0
DA:721,0
DA:722,0
DA:723,0
DA:725,0
DA:726,0
DA:729,0
DA:730,0
DA:741,0
DA:742,0
DA:743,0
DA:744,0
DA:746,0
DA:752,0
DA:782,0
DA:783,0
DA:784,0
DA:808,0
DA:817,0
DA:820,0
DA:821,0
DA:826,0
DA:827,0
DA:828,0
DA:829,0
DA:831,0
DA:832,0
DA:834,0
DA:842,0
DA:843,0
DA:844,0
DA:846,0
DA:855,0
DA:856,0
DA:857,0
DA:860,0
DA:870,0
DA:889,0
DA:905,0
DA:912,0
DA:915,0
DA:916,0
DA:921,0
DA:922,0
DA:923,0
DA:924,0
DA:926,0
DA:927,0
DA:929,0
DA:933,0
DA:934,0
DA:935,0
DA:936,0
DA:937,0
DA:938,0
DA:941,0
DA:946,0
DA:983,0
DA:1001,0
DA:1011,0
DA:1014,0
DA:1015,0
LF:154
LH:0
BRDA:41,0,0,0
BRDA:41,0,1,0
BRDA:42,1,0,0
BRDA:42,1,1,0
BRDA:43,2,0,0
BRDA:43,2,1,0
BRDA:54,3,0,0
BRDA:54,4,0,0
BRDA:54,4,1,0
BRDA:57,5,0,0
BRDA:57,5,1,0
BRDA:58,6,0,0
BRDA:68,7,0,0
BRDA:372,8,0,0
BRDA:373,9,0,0
BRDA:393,10,0,0
BRDA:393,10,1,0
BRDA:398,11,0,0
BRDA:398,11,1,0
BRDA:411,12,0,0
BRDA:411,12,1,0
BRDA:423,13,0,0
BRDA:423,13,1,0
BRDA:452,14,0,0
BRDA:459,15,0,0
BRDA:503,16,0,0
BRDA:503,16,1,0
BRDA:504,17,0,0
BRDA:504,17,1,0
BRDA:542,18,0,0
BRDA:549,19,0,0
BRDA:567,20,0,0
BRDA:567,20,1,0
BRDA:569,21,0,0
BRDA:569,21,1,0
BRDA:590,22,0,0
BRDA:590,22,1,0
BRDA:594,23,0,0
BRDA:594,23,1,0
BRDA:599,24,0,0
BRDA:599,24,1,0
BRDA:635,25,0,0
BRDA:642,26,0,0
BRDA:675,27,0,0
BRDA:675,27,1,0
BRDA:676,28,0,0
BRDA:676,28,1,0
BRDA:725,29,0,0
BRDA:734,30,0,0
BRDA:734,30,1,0
BRDA:741,31,0,0
BRDA:753,32,0,0
BRDA:753,32,1,0
BRDA:758,33,0,0
BRDA:758,33,1,0
BRDA:758,34,0,0
BRDA:758,34,1,0
BRDA:779,35,0,0
BRDA:779,35,1,0
BRDA:783,36,0,0
BRDA:783,36,1,0
BRDA:788,37,0,0
BRDA:788,37,1,0
BRDA:790,38,0,0
BRDA:790,38,1,0
BRDA:796,39,0,0
BRDA:796,39,1,0
BRDA:796,40,0,0
BRDA:796,40,1,0
BRDA:831,41,0,0
BRDA:837,42,0,0
BRDA:837,42,1,0
BRDA:842,43,0,0
BRDA:857,44,0,0
BRDA:857,44,1,0
BRDA:872,45,0,0
BRDA:872,45,1,0
BRDA:889,46,0,0
BRDA:889,46,1,0
BRDA:893,47,0,0
BRDA:893,47,1,0
BRDA:894,48,0,0
BRDA:894,48,1,0
BRDA:926,49,0,0
BRDA:933,50,0,0
BRDA:941,51,0,0
BRDA:941,51,1,0
BRDA:983,52,0,0
BRDA:983,52,1,0
BRF:89
BRH:0
end_of_record
TN:
SF:src\modules\reports\reports.service.ts
FN:23,(anonymous_0)
FN:46,(anonymous_1)
FN:55,(anonymous_2)
FN:86,(anonymous_3)
FN:97,(anonymous_4)
FN:118,(anonymous_5)
FN:126,(anonymous_6)
FN:137,(anonymous_7)
FN:157,(anonymous_8)
FN:180,(anonymous_9)
FN:189,(anonymous_10)
FNF:11
FNH:0
FNDA:0,(anonymous_0)
FNDA:0,(anonymous_1)
FNDA:0,(anonymous_2)
FNDA:0,(anonymous_3)
FNDA:0,(anonymous_4)
FNDA:0,(anonymous_5)
FNDA:0,(anonymous_6)
FNDA:0,(anonymous_7)
FNDA:0,(anonymous_8)
FNDA:0,(anonymous_9)
FNDA:0,(anonymous_10)
DA:13,0
DA:22,0
DA:24,0
DA:26,0
DA:46,0
DA:56,0
DA:58,0
DA:86,0
DA:98,0
DA:100,0
DA:118,0
DA:127,0
DA:138,0
DA:140,0
DA:158,0
DA:160,0
DA:180,0
DA:190,0
DA:191,0
DA:194,0
DA:196,0
DA:197,0
DA:198,0
DA:204,0
DA:211,0
LF:25
LH:0
BRDA:190,0,0,0
BRDA:190,1,0,0
BRDA:190,1,1,0
BRDA:194,2,0,0
BRDA:194,2,1,0
BRDA:196,3,0,0
BRF:6
BRH:0
end_of_record
TN:
SF:src\modules\search\search.parser.ts
FN:105,parseSearchQuery
FN:220,describeParsedQuery
FNF:2
FNH:0
FNDA:0,parseSearchQuery
FNDA:0,describeParsedQuery
DA:53,0
DA:73,0
DA:91,0
DA:105,0
DA:106,0
DA:108,0
DA:125,0
DA:126,0
DA:127,0
DA:128,0
DA:129,0
DA:135,0
DA:136,0
DA:138,0
DA:139,0
DA:140,0
DA:141,0
DA:142,0
DA:144,0
DA:145,0
DA:146,0
DA:148,0
DA:149,0
DA:150,0
DA:151,0
DA:155,0
DA:156,0
DA:160,0
DA:161,0
DA:162,0
DA:163,0
DA:164,0
DA:168,0
DA:169,0
DA:170,0
DA:171,0
DA:172,0
DA:173,0
DA:178,0
DA:179,0
DA:180,0
DA:181,0
DA:182,0
DA:183,0
DA:187,0
DA:188,0
DA:189,0
DA:190,0
DA:191,0
DA:192,0
DA:198,0
DA:201,0
DA:213,0
DA:220,0
DA:221,0
DA:223,0
DA:224,0
DA:225,0
DA:226,0
DA:227,0
DA:228,0
DA:229,0
DA:230,0
DA:231,0
DA:232,0
DA:233,0
DA:235,0
LF:67
LH:0
BRDA:127,0,0,0
BRDA:144,1,0,0
BRDA:145,2,0,0
BRDA:146,3,0,0
BRDA:148,4,0,0
BRDA:149,5,0,0
BRDA:150,6,0,0
BRDA:151,7,0,0
BRDA:155,8,0,0
BRDA:162,9,0,0
BRDA:170,10,0,0
BRDA:179,11,0,0
BRDA:179,11,1,0
BRDA:180,12,0,0
BRDA:188,13,0,0
BRDA:188,13,1,0
BRDA:189,14,0,0
BRDA:202,15,0,0
BRDA:202,15,1,0
BRDA:202,15,2,0
BRDA:202,15,3,0
BRDA:202,15,4,0
BRDA:202,15,5,0
BRDA:202,15,6,0
BRDA:202,15,7,0
BRDA:202,15,8,0
BRDA:223,16,0,0
BRDA:224,17,0,0
BRDA:225,18,0,0
BRDA:226,19,0,0
BRDA:227,20,0,0
BRDA:228,21,0,0
BRDA:229,22,0,0
BRDA:230,23,0,0
BRDA:231,24,0,0
BRDA:231,24,1,0
BRDA:231,25,0,0
BRDA:231,25,1,0
BRDA:232,26,0,0
BRDA:232,26,1,0
BRDA:233,27,0,0
BRF:41
BRH:0
end_of_record
TN:
SF:src\modules\search\search.routes.ts
FN:43,buildDateFilter
FN:64,buildAmountFilter
FN:80,(anonymous_2)
FN:279,(anonymous_3)
FN:285,(anonymous_4)
FNF:5
FNH:0
FNDA:0,buildDateFilter
FNDA:0,buildAmountFilter
FNDA:0,(anonymous_2)
FNDA:0,(anonymous_3)
FNDA:0,(anonymous_4)
DA:23,0
DA:24,0
DA:25,0
DA:26,0
DA:27,0
DA:29,0
DA:31,0
DA:33,0
DA:40,0
DA:44,0
DA:46,0
DA:47,0
DA:49,0
DA:51,0
DA:52,0
DA:53,0
DA:57,0
DA:70,0
DA:71,0
DA:72,0
DA:73,0
DA:74,0
DA:75,0
DA:80,0
DA:81,0
DA:82,0
DA:83,0
DA:86,0
DA:87,0
DA:88,0
DA:89,0
DA:90,0
DA:93,0
DA:94,0
DA:102,0
DA:107,0
DA:275,0
DA:277,0
DA:278,0
DA:279,0
DA:281,0
DA:282,0
DA:284,0
DA:285,0
DA:287,0
DA:288,0
DA:294,0
DA:326,0
LF:48
LH:0
BRDA:44,0,0,0
BRDA:44,1,0,0
BRDA:44,1,1,0
BRDA:47,2,0,0
BRDA:47,2,1,0
BRDA:49,3,0,0
BRDA:71,4,0,0
BRDA:72,5,0,0
BRDA:73,6,0,0
BRDA:74,7,0,0
BRDA:75,8,0,0
BRDA:75,8,1,0
BRDA:93,9,0,0
BRDA:93,10,0,0
BRDA:93,10,1,0
BRDA:114,11,0,0
BRDA:114,11,1,0
BRDA:118,12,0,0
BRDA:118,12,1,0
BRDA:120,13,0,0
BRDA:120,13,1,0
BRDA:122,14,0,0
BRDA:122,14,1,0
BRDA:122,15,0,0
BRDA:122,15,1,0
BRDA:125,16,0,0
BRDA:125,16,1,0
BRDA:134,17,0,0
BRDA:134,17,1,0
BRDA:159,18,0,0
BRDA:159,18,1,0
BRDA:162,19,0,0
BRDA:162,19,1,0
BRDA:163,20,0,0
BRDA:163,20,1,0
BRDA:164,21,0,0
BRDA:164,21,1,0
BRDA:164,22,0,0
BRDA:164,22,1,0
BRDA:167,23,0,0
BRDA:167,23,1,0
BRDA:175,24,0,0
BRDA:175,24,1,0
BRDA:197,25,0,0
BRDA:197,25,1,0
BRDA:225,26,0,0
BRDA:225,26,1,0
BRDA:249,27,0,0
BRDA:249,27,1,0
BRDA:249,28,0,0
BRDA:249,28,1,0
BRDA:277,29,0,0
BRDA:281,30,0,0
BRDA:281,30,1,0
BRDA:287,31,0,0
BRDA:300,32,0,0
BRDA:300,32,1,0
BRDA:302,33,0,0
BRDA:302,33,1,0
BRDA:303,34,0,0
BRDA:303,34,1,0
BRF:61
BRH:0
end_of_record
TN:
SF:src\modules\settings\settings.controller.ts
FN:6,(anonymous_0)
FN:15,(anonymous_1)
FNF:2
FNH:0
FNDA:0,(anonymous_0)
FNDA:0,(anonymous_1)
DA:2,0
DA:3,0
DA:5,0
DA:7,0
DA:8,0
DA:9,0
DA:11,0
DA:16,0
DA:17,0
DA:18,0
DA:19,0
DA:21,0
DA:26,0
LF:13
LH:0
BRF:0
BRH:0
end_of_record
TN:
SF:src\modules\settings\settings.routes.ts
FNF:0
FNH:0
DA:1,0
DA:2,0
DA:3,0
DA:4,0
DA:5,0
DA:7,0
DA:9,0
DA:12,0
DA:15,0
LF:9
LH:0
BRF:0
BRH:0
end_of_record
TN:
SF:src\modules\settings\settings.schema.ts
FNF:0
FNH:0
DA:1,0
DA:7,0
LF:2
LH:0
BRF:0
BRH:0
end_of_record
TN:
SF:src\modules\settings\settings.service.ts
FN:15,toRelativePath
FN:23,formatSettings
FN:39,(anonymous_3)
FN:54,(anonymous_4)
FNF:4
FNH:0
FNDA:0,toRelativePath
FNDA:0,formatSettings
FNDA:0,(anonymous_3)
FNDA:0,(anonymous_4)
DA:8,0
DA:9,0
DA:12,0
DA:16,0
DA:18,0
DA:19,0
DA:24,0
DA:25,0
DA:26,0
DA:27,0
DA:28,0
DA:31,0
DA:34,0
DA:40,0
DA:41,0
DA:55,0
DA:57,0
DA:58,0
DA:83,0
DA:87,0
DA:110,0
DA:114,0
LF:22
LH:0
BRDA:16,0,0,0
BRDA:18,1,0,0
BRDA:24,2,0,0
BRDA:27,3,0,0
BRDA:41,4,0,0
BRDA:41,4,1,0
BRDA:57,5,0,0
BRDA:61,6,0,0
BRDA:61,6,1,0
BRDA:62,7,0,0
BRDA:62,7,1,0
BRDA:63,8,0,0
BRDA:63,8,1,0
BRDA:64,9,0,0
BRDA:64,9,1,0
BRDA:65,10,0,0
BRDA:65,10,1,0
BRDA:66,11,0,0
BRDA:66,11,1,0
BRDA:67,12,0,0
BRDA:67,12,1,0
BRDA:68,13,0,0
BRDA:68,13,1,0
BRDA:69,14,0,0
BRDA:69,14,1,0
BRDA:70,15,0,0
BRDA:70,15,1,0
BRDA:71,16,0,0
BRDA:71,16,1,0
BRDA:71,17,0,0
BRDA:71,17,1,0
BRDA:72,18,0,0
BRDA:72,18,1,0
BRDA:73,19,0,0
BRDA:73,19,1,0
BRDA:74,20,0,0
BRDA:74,20,1,0
BRDA:75,21,0,0
BRDA:75,21,1,0
BRDA:76,22,0,0
BRDA:76,22,1,0
BRDA:77,23,0,0
BRDA:77,23,1,0
BRDA:78,24,0,0
BRDA:78,24,1,0
BRDA:79,25,0,0
BRDA:79,25,1,0
BRDA:80,26,0,0
BRDA:80,26,1,0
BRDA:89,27,0,0
BRDA:89,27,1,0
BRDA:90,28,0,0
BRDA:90,28,1,0
BRDA:91,29,0,0
BRDA:91,29,1,0
BRDA:92,30,0,0
BRDA:92,30,1,0
BRDA:96,31,0,0
BRDA:96,31,1,0
BRDA:97,32,0,0
BRDA:97,32,1,0
BRDA:99,33,0,0
BRDA:99,33,1,0
BRDA:100,34,0,0
BRDA:100,34,1,0
BRDA:101,35,0,0
BRDA:101,35,1,0
BRDA:102,36,0,0
BRDA:102,36,1,0
BRDA:103,37,0,0
BRDA:103,37,1,0
BRDA:104,38,0,0
BRDA:104,38,1,0
BRDA:105,39,0,0
BRDA:105,39,1,0
BRDA:106,40,0,0
BRDA:106,40,1,0
BRDA:107,41,0,0
BRDA:107,41,1,0
BRF:79
BRH:0
end_of_record
TN:
SF:src\modules\settings\settings.upload.ts
FN:21,toRelativePath
FN:45,(anonymous_2)
FN:46,(anonymous_3)
FN:55,(anonymous_4)
FN:73,assetHandler
FN:74,(anonymous_6)
FN:95,(anonymous_7)
FNF:7
FNH:0
FNDA:0,toRelativePath
FNDA:0,(anonymous_2)
FNDA:0,(anonymous_3)
FNDA:0,(anonymous_4)
FNDA:0,assetHandler
FNDA:0,(anonymous_6)
FNDA:0,(anonymous_7)
DA:16,0
DA:17,0
DA:18,0
DA:19,0
DA:22,0
DA:23,0
DA:25,0
DA:26,0
DA:27,0
DA:28,0
DA:29,0
DA:31,0
DA:33,0
DA:36,0
DA:37,0
DA:38,0
DA:41,0
DA:42,0
DA:44,0
DA:45,0
DA:47,0
DA:48,0
DA:52,0
DA:56,0
DA:57,0
DA:59,0
DA:65,0
DA:74,0
DA:75,0
DA:76,0
DA:78,0
DA:79,0
DA:82,0
DA:83,0
DA:84,0
DA:85,0
DA:88,0
DA:92,0
DA:95,0
DA:96,0
DA:101,0
DA:102,0
DA:103,0
DA:104,0
DA:105,0
LF:45
LH:0
BRDA:22,0,0,0
BRDA:37,1,0,0
BRDA:56,2,0,0
BRDA:56,2,1,0
BRDA:76,3,0,0
BRDA:83,4,0,0
BRDA:83,4,1,0
BRDA:84,5,0,0
BRDA:84,6,0,0
BRDA:84,6,1,0
BRDA:95,7,0,0
BRF:11
BRH:0
end_of_record
TN:
SF:src\modules\tax-rates\tax-rates.routes.ts
FN:23,(anonymous_0)
FN:35,(anonymous_1)
FN:44,(anonymous_2)
FN:59,(anonymous_3)
FN:75,(anonymous_4)
FNF:5
FNH:0
FNDA:0,(anonymous_0)
FNDA:0,(anonymous_1)
FNDA:0,(anonymous_2)
FNDA:0,(anonymous_3)
FNDA:0,(anonymous_4)
DA:1,0
DA:2,0
DA:3,0
DA:4,0
DA:5,0
DA:6,0
DA:8,0
DA:10,0
DA:12,0
DA:20,0
DA:23,0
DA:24,0
DA:25,0
DA:26,0
DA:30,0
DA:31,0
DA:35,0
DA:36,0
DA:37,0
DA:38,0
DA:39,0
DA:40,0
DA:44,0
DA:45,0
DA:46,0
DA:49,0
DA:50,0
DA:53,0
DA:54,0
DA:55,0
DA:59,0
DA:60,0
DA:61,0
DA:62,0
DA:63,0
DA:65,0
DA:66,0
DA:69,0
DA:70,0
DA:71,0
DA:75,0
DA:76,0
DA:77,0
DA:78,0
DA:79,0
DA:81,0
DA:82,0
DA:83,0
LF:48
LH:0
BRDA:27,0,0,0
BRDA:27,0,1,0
BRDA:38,1,0,0
BRDA:49,2,0,0
BRDA:63,3,0,0
BRDA:65,4,0,0
BRDA:78,5,0,0
BRDA:79,6,0,0
BRF:8
BRH:0
end_of_record
TN:
SF:src\modules\users\users.controller.ts
FN:12,(anonymous_0)
FN:22,(anonymous_1)
FN:31,(anonymous_2)
FN:40,(anonymous_3)
FN:50,(anonymous_4)
FN:60,(anonymous_5)
FN:70,(anonymous_6)
FN:80,(anonymous_7)
FNF:8
FNH:0
FNDA:0,(anonymous_0)
FNDA:0,(anonymous_1)
FNDA:0,(anonymous_2)
FNDA:0,(anonymous_3)
FNDA:0,(anonymous_4)
FNDA:0,(anonymous_5)
FNDA:0,(anonymous_6)
FNDA:0,(anonymous_7)
DA:2,0
DA:3,0
DA:11,0
DA:13,0
DA:14,0
DA:15,0
DA:16,0
DA:18,0
DA:23,0
DA:24,0
DA:25,0
DA:27,0
DA:32,0
DA:33,0
DA:34,0
DA:36,0
DA:41,0
DA:42,0
DA:43,0
DA:44,0
DA:46,0
DA:51,0
DA:52,0
DA:53,0
DA:54,0
DA:56,0
DA:61,0
DA:62,0
DA:63,0
DA:64,0
DA:66,0
DA:71,0
DA:72,0
DA:73,0
DA:74,0
DA:76,0
DA:81,0
DA:82,0
DA:83,0
DA:85,0
DA:90,0
LF:41
LH:0
BRF:0
BRH:0
end_of_record
TN:
SF:src\modules\users\users.routes.ts
FN:20,(anonymous_1)
FN:21,(anonymous_2)
FN:24,(anonymous_3)
FN:39,(anonymous_4)
FN:57,(anonymous_5)
FN:63,(anonymous_6)
FNF:6
FNH:0
FNDA:0,(anonymous_1)
FNDA:0,(anonymous_2)
FNDA:0,(anonymous_3)
FNDA:0,(anonymous_4)
FNDA:0,(anonymous_5)
FNDA:0,(anonymous_6)
DA:1,0
DA:2,0
DA:3,0
DA:4,0
DA:5,0
DA:6,0
DA:7,0
DA:8,0
DA:9,0
DA:10,0
DA:12,0
DA:15,0
DA:16,0
DA:18,0
DA:20,0
DA:21,0
DA:25,0
DA:32,0
DA:34,0
DA:35,0
DA:36,0
DA:39,0
DA:40,0
DA:41,0
DA:43,0
DA:46,0
DA:47,0
DA:50,0
DA:55,0
DA:57,0
DA:58,0
DA:63,0
DA:64,0
DA:65,0
DA:67,0
DA:68,0
DA:71,0
DA:72,0
DA:73,0
DA:76,0
DA:77,0
DA:78,0
DA:79,0
DA:80,0
DA:82,0
LF:45
LH:0
BRDA:16,0,0,0
BRDA:25,1,0,0
BRDA:25,1,1,0
BRDA:41,2,0,0
BRDA:46,3,0,0
BRDA:46,4,0,0
BRDA:46,4,1,0
BRDA:57,5,0,0
BRDA:67,6,0,0
BRDA:67,7,0,0
BRDA:67,7,1,0
BRF:11
BRH:0
end_of_record
TN:
SF:src\modules\users\users.schema.ts
FNF:0
FNH:0
DA:1,0
DA:3,0
DA:16,0
DA:29,0
DA:40,0
DA:49,0
LF:6
LH:0
BRF:0
BRH:0
end_of_record
TN:
SF:src\modules\users\users.service.ts
FN:32,toAvatarUrl
FN:41,formatUser
FN:47,(anonymous_3)
FN:78,(anonymous_4)
FN:87,(anonymous_5)
FN:127,(anonymous_6)
FN:137,(anonymous_7)
FN:146,(anonymous_8)
FN:164,(anonymous_9)
FNF:9
FNH:0
FNDA:0,toAvatarUrl
FNDA:0,formatUser
FNDA:0,(anonymous_3)
FNDA:0,(anonymous_4)
FNDA:0,(anonymous_5)
FNDA:0,(anonymous_6)
FNDA:0,(anonymous_7)
FNDA:0,(anonymous_8)
FNDA:0,(anonymous_9)
DA:1,0
DA:3,0
DA:4,0
DA:5,0
DA:6,0
DA:7,0
DA:10,0
DA:33,0
DA:34,0
DA:37,0
DA:42,0
DA:43,0
DA:46,0
DA:48,0
DA:49,0
DA:51,0
DA:64,0
DA:75,0
DA:79,0
DA:83,0
DA:84,0
DA:88,0
DA:89,0
DA:91,0
DA:93,0
DA:109,0
DA:113,0
DA:114,0
DA:115,0
DA:124,0
DA:128,0
DA:129,0
DA:134,0
DA:138,0
DA:143,0
DA:147,0
DA:148,0
DA:149,0
DA:151,0
DA:152,0
DA:158,0
DA:165,0
DA:166,0
DA:173,0
LF:44
LH:0
BRDA:33,0,0,0
BRDA:34,1,0,0
BRDA:34,1,1,0
BRDA:53,2,0,0
BRDA:53,2,1,0
BRDA:54,3,0,0
BRDA:54,3,1,0
BRDA:55,4,0,0
BRDA:55,4,1,0
BRDA:83,5,0,0
BRDA:89,6,0,0
BRDA:114,7,0,0
BRDA:149,8,0,0
BRF:13
BRH:0
end_of_record
